[2021-06-08 01:20:47] production.ERROR: No application encryption key has been specified. {"exception":"[object] (Illuminate\\Encryption\\MissingAppKeyException(code: 0): No application encryption key has been specified. at /var/www/html/petFriend-laravel/petFriend-laravel/vendor/laravel/framework/src/Illuminate/Encryption/EncryptionServiceProvider.php:79)
[stacktrace]
#0 /var/www/html/petFriend-laravel/petFriend-laravel/vendor/laravel/framework/src/Illuminate/Support/helpers.php(263): Illuminate\\Encryption\\EncryptionServiceProvider->Illuminate\\Encryption\\{closure}()
#1 /var/www/html/petFriend-laravel/petFriend-laravel/vendor/laravel/framework/src/Illuminate/Encryption/EncryptionServiceProvider.php(81): tap()
#2 /var/www/html/petFriend-laravel/petFriend-laravel/vendor/laravel/framework/src/Illuminate/Encryption/EncryptionServiceProvider.php(60): Illuminate\\Encryption\\EncryptionServiceProvider->key()
#3 /var/www/html/petFriend-laravel/petFriend-laravel/vendor/laravel/framework/src/Illuminate/Encryption/EncryptionServiceProvider.php(32): Illuminate\\Encryption\\EncryptionServiceProvider->parseKey()
#4 /var/www/html/petFriend-laravel/petFriend-laravel/vendor/laravel/framework/src/Illuminate/Container/Container.php(832): Illuminate\\Encryption\\EncryptionServiceProvider->Illuminate\\Encryption\\{closure}()
#5 /var/www/html/petFriend-laravel/petFriend-laravel/vendor/laravel/framework/src/Illuminate/Container/Container.php(717): Illuminate\\Container\\Container->build()
#6 /var/www/html/petFriend-laravel/petFriend-laravel/vendor/laravel/framework/src/Illuminate/Foundation/Application.php(841): Illuminate\\Container\\Container->resolve()
#7 /var/www/html/petFriend-laravel/petFriend-laravel/vendor/laravel/framework/src/Illuminate/Container/Container.php(655): Illuminate\\Foundation\\Application->resolve()
#8 /var/www/html/petFriend-laravel/petFriend-laravel/vendor/laravel/framework/src/Illuminate/Foundation/Application.php(826): Illuminate\\Container\\Container->make()
#9 /var/www/html/petFriend-laravel/petFriend-laravel/vendor/laravel/framework/src/Illuminate/Container/Container.php(990): Illuminate\\Foundation\\Application->make()
#10 /var/www/html/petFriend-laravel/petFriend-laravel/vendor/laravel/framework/src/Illuminate/Container/Container.php(910): Illuminate\\Container\\Container->resolveClass()
#11 /var/www/html/petFriend-laravel/petFriend-laravel/vendor/laravel/framework/src/Illuminate/Container/Container.php(871): Illuminate\\Container\\Container->resolveDependencies()
#12 /var/www/html/petFriend-laravel/petFriend-laravel/vendor/laravel/framework/src/Illuminate/Container/Container.php(717): Illuminate\\Container\\Container->build()
#13 /var/www/html/petFriend-laravel/petFriend-laravel/vendor/laravel/framework/src/Illuminate/Foundation/Application.php(841): Illuminate\\Container\\Container->resolve()
#14 /var/www/html/petFriend-laravel/petFriend-laravel/vendor/laravel/framework/src/Illuminate/Container/Container.php(655): Illuminate\\Foundation\\Application->resolve()
#15 /var/www/html/petFriend-laravel/petFriend-laravel/vendor/laravel/framework/src/Illuminate/Foundation/Application.php(826): Illuminate\\Container\\Container->make()
#16 /var/www/html/petFriend-laravel/petFriend-laravel/vendor/laravel/framework/src/Illuminate/Pipeline/Pipeline.php(156): Illuminate\\Foundation\\Application->make()
#17 /var/www/html/petFriend-laravel/petFriend-laravel/vendor/laravel/framework/src/Illuminate/Pipeline/Pipeline.php(103): Illuminate\\Pipeline\\Pipeline->Illuminate\\Pipeline\\{closure}()
#18 /var/www/html/petFriend-laravel/petFriend-laravel/vendor/laravel/framework/src/Illuminate/Routing/Router.php(697): Illuminate\\Pipeline\\Pipeline->then()
#19 /var/www/html/petFriend-laravel/petFriend-laravel/vendor/laravel/framework/src/Illuminate/Routing/Router.php(672): Illuminate\\Routing\\Router->runRouteWithinStack()
#20 /var/www/html/petFriend-laravel/petFriend-laravel/vendor/laravel/framework/src/Illuminate/Routing/Router.php(636): Illuminate\\Routing\\Router->runRoute()
#21 /var/www/html/petFriend-laravel/petFriend-laravel/vendor/laravel/framework/src/Illuminate/Routing/Router.php(625): Illuminate\\Routing\\Router->dispatchToRoute()
#22 /var/www/html/petFriend-laravel/petFriend-laravel/vendor/laravel/framework/src/Illuminate/Foundation/Http/Kernel.php(166): Illuminate\\Routing\\Router->dispatch()
#23 /var/www/html/petFriend-laravel/petFriend-laravel/vendor/laravel/framework/src/Illuminate/Pipeline/Pipeline.php(128): Illuminate\\Foundation\\Http\\Kernel->Illuminate\\Foundation\\Http\\{closure}()
#24 /var/www/html/petFriend-laravel/petFriend-laravel/vendor/laravel/framework/src/Illuminate/Foundation/Http/Middleware/TransformsRequest.php(21): Illuminate\\Pipeline\\Pipeline->Illuminate\\Pipeline\\{closure}()
#25 /var/www/html/petFriend-laravel/petFriend-laravel/vendor/laravel/framework/src/Illuminate/Foundation/Http/Middleware/ConvertEmptyStringsToNull.php(31): Illuminate\\Foundation\\Http\\Middleware\\TransformsRequest->handle()
#26 /var/www/html/petFriend-laravel/petFriend-laravel/vendor/laravel/framework/src/Illuminate/Pipeline/Pipeline.php(167): Illuminate\\Foundation\\Http\\Middleware\\ConvertEmptyStringsToNull->handle()
#27 /var/www/html/petFriend-laravel/petFriend-laravel/vendor/laravel/framework/src/Illuminate/Foundation/Http/Middleware/TransformsRequest.php(21): Illuminate\\Pipeline\\Pipeline->Illuminate\\Pipeline\\{closure}()
#28 /var/www/html/petFriend-laravel/petFriend-laravel/vendor/laravel/framework/src/Illuminate/Foundation/Http/Middleware/TrimStrings.php(40): Illuminate\\Foundation\\Http\\Middleware\\TransformsRequest->handle()
#29 /var/www/html/petFriend-laravel/petFriend-laravel/vendor/laravel/framework/src/Illuminate/Pipeline/Pipeline.php(167): Illuminate\\Foundation\\Http\\Middleware\\TrimStrings->handle()
#30 /var/www/html/petFriend-laravel/petFriend-laravel/vendor/laravel/framework/src/Illuminate/Foundation/Http/Middleware/ValidatePostSize.php(27): Illuminate\\Pipeline\\Pipeline->Illuminate\\Pipeline\\{closure}()
#31 /var/www/html/petFriend-laravel/petFriend-laravel/vendor/laravel/framework/src/Illuminate/Pipeline/Pipeline.php(167): Illuminate\\Foundation\\Http\\Middleware\\ValidatePostSize->handle()
#32 /var/www/html/petFriend-laravel/petFriend-laravel/vendor/laravel/framework/src/Illuminate/Foundation/Http/Middleware/PreventRequestsDuringMaintenance.php(86): Illuminate\\Pipeline\\Pipeline->Illuminate\\Pipeline\\{closure}()
#33 /var/www/html/petFriend-laravel/petFriend-laravel/vendor/laravel/framework/src/Illuminate/Pipeline/Pipeline.php(167): Illuminate\\Foundation\\Http\\Middleware\\PreventRequestsDuringMaintenance->handle()
#34 /var/www/html/petFriend-laravel/petFriend-laravel/vendor/fruitcake/laravel-cors/src/HandleCors.php(38): Illuminate\\Pipeline\\Pipeline->Illuminate\\Pipeline\\{closure}()
#35 /var/www/html/petFriend-laravel/petFriend-laravel/vendor/laravel/framework/src/Illuminate/Pipeline/Pipeline.php(167): Fruitcake\\Cors\\HandleCors->handle()
#36 /var/www/html/petFriend-laravel/petFriend-laravel/vendor/fideloper/proxy/src/TrustProxies.php(57): Illuminate\\Pipeline\\Pipeline->Illuminate\\Pipeline\\{closure}()
#37 /var/www/html/petFriend-laravel/petFriend-laravel/vendor/laravel/framework/src/Illuminate/Pipeline/Pipeline.php(167): Fideloper\\Proxy\\TrustProxies->handle()
#38 /var/www/html/petFriend-laravel/petFriend-laravel/vendor/laravel/framework/src/Illuminate/Pipeline/Pipeline.php(103): Illuminate\\Pipeline\\Pipeline->Illuminate\\Pipeline\\{closure}()
#39 /var/www/html/petFriend-laravel/petFriend-laravel/vendor/laravel/framework/src/Illuminate/Foundation/Http/Kernel.php(141): Illuminate\\Pipeline\\Pipeline->then()
#40 /var/www/html/petFriend-laravel/petFriend-laravel/vendor/laravel/framework/src/Illuminate/Foundation/Http/Kernel.php(110): Illuminate\\Foundation\\Http\\Kernel->sendRequestThroughRouter()
#41 /var/www/html/petFriend-laravel/petFriend-laravel/public/index.php(52): Illuminate\\Foundation\\Http\\Kernel->handle()
#42 /var/www/html/petFriend-laravel/petFriend-laravel/server.php(21): require_once('/var/www/html/p...')
#43 {main}
"} 
[2021-06-08 01:20:47] production.ERROR: No application encryption key has been specified. {"exception":"[object] (Illuminate\\Encryption\\MissingAppKeyException(code: 0): No application encryption key has been specified. at /var/www/html/petFriend-laravel/petFriend-laravel/vendor/laravel/framework/src/Illuminate/Encryption/EncryptionServiceProvider.php:79)
[stacktrace]
#0 /var/www/html/petFriend-laravel/petFriend-laravel/vendor/laravel/framework/src/Illuminate/Support/helpers.php(263): Illuminate\\Encryption\\EncryptionServiceProvider->Illuminate\\Encryption\\{closure}()
#1 /var/www/html/petFriend-laravel/petFriend-laravel/vendor/laravel/framework/src/Illuminate/Encryption/EncryptionServiceProvider.php(81): tap()
#2 /var/www/html/petFriend-laravel/petFriend-laravel/vendor/laravel/framework/src/Illuminate/Encryption/EncryptionServiceProvider.php(60): Illuminate\\Encryption\\EncryptionServiceProvider->key()
#3 /var/www/html/petFriend-laravel/petFriend-laravel/vendor/laravel/framework/src/Illuminate/Encryption/EncryptionServiceProvider.php(32): Illuminate\\Encryption\\EncryptionServiceProvider->parseKey()
#4 /var/www/html/petFriend-laravel/petFriend-laravel/vendor/laravel/framework/src/Illuminate/Container/Container.php(832): Illuminate\\Encryption\\EncryptionServiceProvider->Illuminate\\Encryption\\{closure}()
#5 /var/www/html/petFriend-laravel/petFriend-laravel/vendor/laravel/framework/src/Illuminate/Container/Container.php(717): Illuminate\\Container\\Container->build()
#6 /var/www/html/petFriend-laravel/petFriend-laravel/vendor/laravel/framework/src/Illuminate/Foundation/Application.php(841): Illuminate\\Container\\Container->resolve()
#7 /var/www/html/petFriend-laravel/petFriend-laravel/vendor/laravel/framework/src/Illuminate/Container/Container.php(655): Illuminate\\Foundation\\Application->resolve()
#8 /var/www/html/petFriend-laravel/petFriend-laravel/vendor/laravel/framework/src/Illuminate/Foundation/Application.php(826): Illuminate\\Container\\Container->make()
#9 /var/www/html/petFriend-laravel/petFriend-laravel/vendor/laravel/framework/src/Illuminate/Container/Container.php(990): Illuminate\\Foundation\\Application->make()
#10 /var/www/html/petFriend-laravel/petFriend-laravel/vendor/laravel/framework/src/Illuminate/Container/Container.php(910): Illuminate\\Container\\Container->resolveClass()
#11 /var/www/html/petFriend-laravel/petFriend-laravel/vendor/laravel/framework/src/Illuminate/Container/Container.php(871): Illuminate\\Container\\Container->resolveDependencies()
#12 /var/www/html/petFriend-laravel/petFriend-laravel/vendor/laravel/framework/src/Illuminate/Container/Container.php(717): Illuminate\\Container\\Container->build()
#13 /var/www/html/petFriend-laravel/petFriend-laravel/vendor/laravel/framework/src/Illuminate/Foundation/Application.php(841): Illuminate\\Container\\Container->resolve()
#14 /var/www/html/petFriend-laravel/petFriend-laravel/vendor/laravel/framework/src/Illuminate/Container/Container.php(655): Illuminate\\Foundation\\Application->resolve()
#15 /var/www/html/petFriend-laravel/petFriend-laravel/vendor/laravel/framework/src/Illuminate/Foundation/Application.php(826): Illuminate\\Container\\Container->make()
#16 /var/www/html/petFriend-laravel/petFriend-laravel/vendor/laravel/framework/src/Illuminate/Foundation/Http/Kernel.php(205): Illuminate\\Foundation\\Application->make()
#17 /var/www/html/petFriend-laravel/petFriend-laravel/vendor/laravel/framework/src/Illuminate/Foundation/Http/Kernel.php(179): Illuminate\\Foundation\\Http\\Kernel->terminateMiddleware()
#18 /var/www/html/petFriend-laravel/petFriend-laravel/public/index.php(55): Illuminate\\Foundation\\Http\\Kernel->terminate()
#19 /var/www/html/petFriend-laravel/petFriend-laravel/server.php(21): require_once('/var/www/html/p...')
#20 {main}
"} 
[2021-06-08 01:20:56] production.ERROR: No application encryption key has been specified. {"exception":"[object] (Illuminate\\Encryption\\MissingAppKeyException(code: 0): No application encryption key has been specified. at /var/www/html/petFriend-laravel/petFriend-laravel/vendor/laravel/framework/src/Illuminate/Encryption/EncryptionServiceProvider.php:79)
[stacktrace]
#0 /var/www/html/petFriend-laravel/petFriend-laravel/vendor/laravel/framework/src/Illuminate/Support/helpers.php(263): Illuminate\\Encryption\\EncryptionServiceProvider->Illuminate\\Encryption\\{closure}()
#1 /var/www/html/petFriend-laravel/petFriend-laravel/vendor/laravel/framework/src/Illuminate/Encryption/EncryptionServiceProvider.php(81): tap()
#2 /var/www/html/petFriend-laravel/petFriend-laravel/vendor/laravel/framework/src/Illuminate/Encryption/EncryptionServiceProvider.php(60): Illuminate\\Encryption\\EncryptionServiceProvider->key()
#3 /var/www/html/petFriend-laravel/petFriend-laravel/vendor/laravel/framework/src/Illuminate/Encryption/EncryptionServiceProvider.php(32): Illuminate\\Encryption\\EncryptionServiceProvider->parseKey()
#4 /var/www/html/petFriend-laravel/petFriend-laravel/vendor/laravel/framework/src/Illuminate/Container/Container.php(832): Illuminate\\Encryption\\EncryptionServiceProvider->Illuminate\\Encryption\\{closure}()
#5 /var/www/html/petFriend-laravel/petFriend-laravel/vendor/laravel/framework/src/Illuminate/Container/Container.php(717): Illuminate\\Container\\Container->build()
#6 /var/www/html/petFriend-laravel/petFriend-laravel/vendor/laravel/framework/src/Illuminate/Foundation/Application.php(841): Illuminate\\Container\\Container->resolve()
#7 /var/www/html/petFriend-laravel/petFriend-laravel/vendor/laravel/framework/src/Illuminate/Container/Container.php(655): Illuminate\\Foundation\\Application->resolve()
#8 /var/www/html/petFriend-laravel/petFriend-laravel/vendor/laravel/framework/src/Illuminate/Foundation/Application.php(826): Illuminate\\Container\\Container->make()
#9 /var/www/html/petFriend-laravel/petFriend-laravel/vendor/laravel/framework/src/Illuminate/Container/Container.php(990): Illuminate\\Foundation\\Application->make()
#10 /var/www/html/petFriend-laravel/petFriend-laravel/vendor/laravel/framework/src/Illuminate/Container/Container.php(910): Illuminate\\Container\\Container->resolveClass()
#11 /var/www/html/petFriend-laravel/petFriend-laravel/vendor/laravel/framework/src/Illuminate/Container/Container.php(871): Illuminate\\Container\\Container->resolveDependencies()
#12 /var/www/html/petFriend-laravel/petFriend-laravel/vendor/laravel/framework/src/Illuminate/Container/Container.php(717): Illuminate\\Container\\Container->build()
#13 /var/www/html/petFriend-laravel/petFriend-laravel/vendor/laravel/framework/src/Illuminate/Foundation/Application.php(841): Illuminate\\Container\\Container->resolve()
#14 /var/www/html/petFriend-laravel/petFriend-laravel/vendor/laravel/framework/src/Illuminate/Container/Container.php(655): Illuminate\\Foundation\\Application->resolve()
#15 /var/www/html/petFriend-laravel/petFriend-laravel/vendor/laravel/framework/src/Illuminate/Foundation/Application.php(826): Illuminate\\Container\\Container->make()
#16 /var/www/html/petFriend-laravel/petFriend-laravel/vendor/laravel/framework/src/Illuminate/Pipeline/Pipeline.php(156): Illuminate\\Foundation\\Application->make()
#17 /var/www/html/petFriend-laravel/petFriend-laravel/vendor/laravel/framework/src/Illuminate/Pipeline/Pipeline.php(103): Illuminate\\Pipeline\\Pipeline->Illuminate\\Pipeline\\{closure}()
#18 /var/www/html/petFriend-laravel/petFriend-laravel/vendor/laravel/framework/src/Illuminate/Routing/Router.php(697): Illuminate\\Pipeline\\Pipeline->then()
#19 /var/www/html/petFriend-laravel/petFriend-laravel/vendor/laravel/framework/src/Illuminate/Routing/Router.php(672): Illuminate\\Routing\\Router->runRouteWithinStack()
#20 /var/www/html/petFriend-laravel/petFriend-laravel/vendor/laravel/framework/src/Illuminate/Routing/Router.php(636): Illuminate\\Routing\\Router->runRoute()
#21 /var/www/html/petFriend-laravel/petFriend-laravel/vendor/laravel/framework/src/Illuminate/Routing/Router.php(625): Illuminate\\Routing\\Router->dispatchToRoute()
#22 /var/www/html/petFriend-laravel/petFriend-laravel/vendor/laravel/framework/src/Illuminate/Foundation/Http/Kernel.php(166): Illuminate\\Routing\\Router->dispatch()
#23 /var/www/html/petFriend-laravel/petFriend-laravel/vendor/laravel/framework/src/Illuminate/Pipeline/Pipeline.php(128): Illuminate\\Foundation\\Http\\Kernel->Illuminate\\Foundation\\Http\\{closure}()
#24 /var/www/html/petFriend-laravel/petFriend-laravel/vendor/laravel/framework/src/Illuminate/Foundation/Http/Middleware/TransformsRequest.php(21): Illuminate\\Pipeline\\Pipeline->Illuminate\\Pipeline\\{closure}()
#25 /var/www/html/petFriend-laravel/petFriend-laravel/vendor/laravel/framework/src/Illuminate/Foundation/Http/Middleware/ConvertEmptyStringsToNull.php(31): Illuminate\\Foundation\\Http\\Middleware\\TransformsRequest->handle()
#26 /var/www/html/petFriend-laravel/petFriend-laravel/vendor/laravel/framework/src/Illuminate/Pipeline/Pipeline.php(167): Illuminate\\Foundation\\Http\\Middleware\\ConvertEmptyStringsToNull->handle()
#27 /var/www/html/petFriend-laravel/petFriend-laravel/vendor/laravel/framework/src/Illuminate/Foundation/Http/Middleware/TransformsRequest.php(21): Illuminate\\Pipeline\\Pipeline->Illuminate\\Pipeline\\{closure}()
#28 /var/www/html/petFriend-laravel/petFriend-laravel/vendor/laravel/framework/src/Illuminate/Foundation/Http/Middleware/TrimStrings.php(40): Illuminate\\Foundation\\Http\\Middleware\\TransformsRequest->handle()
#29 /var/www/html/petFriend-laravel/petFriend-laravel/vendor/laravel/framework/src/Illuminate/Pipeline/Pipeline.php(167): Illuminate\\Foundation\\Http\\Middleware\\TrimStrings->handle()
#30 /var/www/html/petFriend-laravel/petFriend-laravel/vendor/laravel/framework/src/Illuminate/Foundation/Http/Middleware/ValidatePostSize.php(27): Illuminate\\Pipeline\\Pipeline->Illuminate\\Pipeline\\{closure}()
#31 /var/www/html/petFriend-laravel/petFriend-laravel/vendor/laravel/framework/src/Illuminate/Pipeline/Pipeline.php(167): Illuminate\\Foundation\\Http\\Middleware\\ValidatePostSize->handle()
#32 /var/www/html/petFriend-laravel/petFriend-laravel/vendor/laravel/framework/src/Illuminate/Foundation/Http/Middleware/PreventRequestsDuringMaintenance.php(86): Illuminate\\Pipeline\\Pipeline->Illuminate\\Pipeline\\{closure}()
#33 /var/www/html/petFriend-laravel/petFriend-laravel/vendor/laravel/framework/src/Illuminate/Pipeline/Pipeline.php(167): Illuminate\\Foundation\\Http\\Middleware\\PreventRequestsDuringMaintenance->handle()
#34 /var/www/html/petFriend-laravel/petFriend-laravel/vendor/fruitcake/laravel-cors/src/HandleCors.php(38): Illuminate\\Pipeline\\Pipeline->Illuminate\\Pipeline\\{closure}()
#35 /var/www/html/petFriend-laravel/petFriend-laravel/vendor/laravel/framework/src/Illuminate/Pipeline/Pipeline.php(167): Fruitcake\\Cors\\HandleCors->handle()
#36 /var/www/html/petFriend-laravel/petFriend-laravel/vendor/fideloper/proxy/src/TrustProxies.php(57): Illuminate\\Pipeline\\Pipeline->Illuminate\\Pipeline\\{closure}()
#37 /var/www/html/petFriend-laravel/petFriend-laravel/vendor/laravel/framework/src/Illuminate/Pipeline/Pipeline.php(167): Fideloper\\Proxy\\TrustProxies->handle()
#38 /var/www/html/petFriend-laravel/petFriend-laravel/vendor/laravel/framework/src/Illuminate/Pipeline/Pipeline.php(103): Illuminate\\Pipeline\\Pipeline->Illuminate\\Pipeline\\{closure}()
#39 /var/www/html/petFriend-laravel/petFriend-laravel/vendor/laravel/framework/src/Illuminate/Foundation/Http/Kernel.php(141): Illuminate\\Pipeline\\Pipeline->then()
#40 /var/www/html/petFriend-laravel/petFriend-laravel/vendor/laravel/framework/src/Illuminate/Foundation/Http/Kernel.php(110): Illuminate\\Foundation\\Http\\Kernel->sendRequestThroughRouter()
#41 /var/www/html/petFriend-laravel/petFriend-laravel/public/index.php(52): Illuminate\\Foundation\\Http\\Kernel->handle()
#42 /var/www/html/petFriend-laravel/petFriend-laravel/server.php(21): require_once('/var/www/html/p...')
#43 {main}
"} 
[2021-06-08 01:20:56] production.ERROR: No application encryption key has been specified. {"exception":"[object] (Illuminate\\Encryption\\MissingAppKeyException(code: 0): No application encryption key has been specified. at /var/www/html/petFriend-laravel/petFriend-laravel/vendor/laravel/framework/src/Illuminate/Encryption/EncryptionServiceProvider.php:79)
[stacktrace]
#0 /var/www/html/petFriend-laravel/petFriend-laravel/vendor/laravel/framework/src/Illuminate/Support/helpers.php(263): Illuminate\\Encryption\\EncryptionServiceProvider->Illuminate\\Encryption\\{closure}()
#1 /var/www/html/petFriend-laravel/petFriend-laravel/vendor/laravel/framework/src/Illuminate/Encryption/EncryptionServiceProvider.php(81): tap()
#2 /var/www/html/petFriend-laravel/petFriend-laravel/vendor/laravel/framework/src/Illuminate/Encryption/EncryptionServiceProvider.php(60): Illuminate\\Encryption\\EncryptionServiceProvider->key()
#3 /var/www/html/petFriend-laravel/petFriend-laravel/vendor/laravel/framework/src/Illuminate/Encryption/EncryptionServiceProvider.php(32): Illuminate\\Encryption\\EncryptionServiceProvider->parseKey()
#4 /var/www/html/petFriend-laravel/petFriend-laravel/vendor/laravel/framework/src/Illuminate/Container/Container.php(832): Illuminate\\Encryption\\EncryptionServiceProvider->Illuminate\\Encryption\\{closure}()
#5 /var/www/html/petFriend-laravel/petFriend-laravel/vendor/laravel/framework/src/Illuminate/Container/Container.php(717): Illuminate\\Container\\Container->build()
#6 /var/www/html/petFriend-laravel/petFriend-laravel/vendor/laravel/framework/src/Illuminate/Foundation/Application.php(841): Illuminate\\Container\\Container->resolve()
#7 /var/www/html/petFriend-laravel/petFriend-laravel/vendor/laravel/framework/src/Illuminate/Container/Container.php(655): Illuminate\\Foundation\\Application->resolve()
#8 /var/www/html/petFriend-laravel/petFriend-laravel/vendor/laravel/framework/src/Illuminate/Foundation/Application.php(826): Illuminate\\Container\\Container->make()
#9 /var/www/html/petFriend-laravel/petFriend-laravel/vendor/laravel/framework/src/Illuminate/Container/Container.php(990): Illuminate\\Foundation\\Application->make()
#10 /var/www/html/petFriend-laravel/petFriend-laravel/vendor/laravel/framework/src/Illuminate/Container/Container.php(910): Illuminate\\Container\\Container->resolveClass()
#11 /var/www/html/petFriend-laravel/petFriend-laravel/vendor/laravel/framework/src/Illuminate/Container/Container.php(871): Illuminate\\Container\\Container->resolveDependencies()
#12 /var/www/html/petFriend-laravel/petFriend-laravel/vendor/laravel/framework/src/Illuminate/Container/Container.php(717): Illuminate\\Container\\Container->build()
#13 /var/www/html/petFriend-laravel/petFriend-laravel/vendor/laravel/framework/src/Illuminate/Foundation/Application.php(841): Illuminate\\Container\\Container->resolve()
#14 /var/www/html/petFriend-laravel/petFriend-laravel/vendor/laravel/framework/src/Illuminate/Container/Container.php(655): Illuminate\\Foundation\\Application->resolve()
#15 /var/www/html/petFriend-laravel/petFriend-laravel/vendor/laravel/framework/src/Illuminate/Foundation/Application.php(826): Illuminate\\Container\\Container->make()
#16 /var/www/html/petFriend-laravel/petFriend-laravel/vendor/laravel/framework/src/Illuminate/Foundation/Http/Kernel.php(205): Illuminate\\Foundation\\Application->make()
#17 /var/www/html/petFriend-laravel/petFriend-laravel/vendor/laravel/framework/src/Illuminate/Foundation/Http/Kernel.php(179): Illuminate\\Foundation\\Http\\Kernel->terminateMiddleware()
#18 /var/www/html/petFriend-laravel/petFriend-laravel/public/index.php(55): Illuminate\\Foundation\\Http\\Kernel->terminate()
#19 /var/www/html/petFriend-laravel/petFriend-laravel/server.php(21): require_once('/var/www/html/p...')
#20 {main}
"} 
[2021-06-08 01:22:02] local.ERROR: file_put_contents(/var/www/html/petFriend-laravel/petFriend-laravel/.env): failed to open stream: Permission denied {"exception":"[object] (ErrorException(code: 0): file_put_contents(/var/www/html/petFriend-laravel/petFriend-laravel/.env): failed to open stream: Permission denied at /var/www/html/petFriend-laravel/petFriend-laravel/vendor/laravel/framework/src/Illuminate/Foundation/Console/KeyGenerateCommand.php:96)
[stacktrace]
#0 [internal function]: Illuminate\\Foundation\\Bootstrap\\HandleExceptions->handleError()
#1 /var/www/html/petFriend-laravel/petFriend-laravel/vendor/laravel/framework/src/Illuminate/Foundation/Console/KeyGenerateCommand.php(96): file_put_contents()
#2 /var/www/html/petFriend-laravel/petFriend-laravel/vendor/laravel/framework/src/Illuminate/Foundation/Console/KeyGenerateCommand.php(80): Illuminate\\Foundation\\Console\\KeyGenerateCommand->writeNewEnvironmentFileWith()
#3 /var/www/html/petFriend-laravel/petFriend-laravel/vendor/laravel/framework/src/Illuminate/Foundation/Console/KeyGenerateCommand.php(45): Illuminate\\Foundation\\Console\\KeyGenerateCommand->setKeyInEnvironmentFile()
#4 /var/www/html/petFriend-laravel/petFriend-laravel/vendor/laravel/framework/src/Illuminate/Container/BoundMethod.php(36): Illuminate\\Foundation\\Console\\KeyGenerateCommand->handle()
#5 /var/www/html/petFriend-laravel/petFriend-laravel/vendor/laravel/framework/src/Illuminate/Container/Util.php(40): Illuminate\\Container\\BoundMethod::Illuminate\\Container\\{closure}()
#6 /var/www/html/petFriend-laravel/petFriend-laravel/vendor/laravel/framework/src/Illuminate/Container/BoundMethod.php(93): Illuminate\\Container\\Util::unwrapIfClosure()
#7 /var/www/html/petFriend-laravel/petFriend-laravel/vendor/laravel/framework/src/Illuminate/Container/BoundMethod.php(37): Illuminate\\Container\\BoundMethod::callBoundMethod()
#8 /var/www/html/petFriend-laravel/petFriend-laravel/vendor/laravel/framework/src/Illuminate/Container/Container.php(614): Illuminate\\Container\\BoundMethod::call()
#9 /var/www/html/petFriend-laravel/petFriend-laravel/vendor/laravel/framework/src/Illuminate/Console/Command.php(136): Illuminate\\Container\\Container->call()
#10 /var/www/html/petFriend-laravel/petFriend-laravel/vendor/symfony/console/Command/Command.php(288): Illuminate\\Console\\Command->execute()
#11 /var/www/html/petFriend-laravel/petFriend-laravel/vendor/laravel/framework/src/Illuminate/Console/Command.php(121): Symfony\\Component\\Console\\Command\\Command->run()
#12 /var/www/html/petFriend-laravel/petFriend-laravel/vendor/symfony/console/Application.php(974): Illuminate\\Console\\Command->run()
#13 /var/www/html/petFriend-laravel/petFriend-laravel/vendor/symfony/console/Application.php(291): Symfony\\Component\\Console\\Application->doRunCommand()
#14 /var/www/html/petFriend-laravel/petFriend-laravel/vendor/symfony/console/Application.php(167): Symfony\\Component\\Console\\Application->doRun()
#15 /var/www/html/petFriend-laravel/petFriend-laravel/vendor/laravel/framework/src/Illuminate/Console/Application.php(92): Symfony\\Component\\Console\\Application->run()
#16 /var/www/html/petFriend-laravel/petFriend-laravel/vendor/laravel/framework/src/Illuminate/Foundation/Console/Kernel.php(129): Illuminate\\Console\\Application->run()
#17 /var/www/html/petFriend-laravel/petFriend-laravel/artisan(37): Illuminate\\Foundation\\Console\\Kernel->handle()
#18 {main}
"} 
[2021-06-08 11:15:04] local.ERROR: Undefined variable: nome (View: /var/www/html/petFriend-laravel/petFriend-laravel/resources/views/index.blade.php) {"view":{"view":"/var/www/html/petFriend-laravel/petFriend-laravel/resources/views/index.blade.php","data":{"errors":"<pre class=sf-dump id=sf-dump-1522636594 data-indent-pad=\"  \"><span class=sf-dump-note>Illuminate\\Support\\ViewErrorBag</span> {<a class=sf-dump-ref>#268</a><samp data-depth=1 class=sf-dump-expanded>
  #<span class=sf-dump-protected title=\"Protected property\">bags</span>: []
</samp>}
</pre><script>Sfdump(\"sf-dump-1522636594\", {\"maxDepth\":3,\"maxStringLength\":160})</script>
"}},"exception":"[object] (Facade\\Ignition\\Exceptions\\ViewException(code: 0): Undefined variable: nome (View: /var/www/html/petFriend-laravel/petFriend-laravel/resources/views/index.blade.php) at /var/www/html/petFriend-laravel/petFriend-laravel/resources/views/index.blade.php:11)
[stacktrace]
#0 /var/www/html/petFriend-laravel/petFriend-laravel/resources/views/index.blade.php(11): Illuminate\\Foundation\\Bootstrap\\HandleExceptions->handleError()
#1 /var/www/html/petFriend-laravel/petFriend-laravel/vendor/laravel/framework/src/Illuminate/Filesystem/Filesystem.php(107): require('/var/www/html/p...')
#2 /var/www/html/petFriend-laravel/petFriend-laravel/vendor/laravel/framework/src/Illuminate/Filesystem/Filesystem.php(108): Illuminate\\Filesystem\\Filesystem::Illuminate\\Filesystem\\{closure}()
#3 /var/www/html/petFriend-laravel/petFriend-laravel/vendor/laravel/framework/src/Illuminate/View/Engines/PhpEngine.php(58): Illuminate\\Filesystem\\Filesystem->getRequire()
#4 /var/www/html/petFriend-laravel/petFriend-laravel/vendor/laravel/framework/src/Illuminate/View/Engines/CompilerEngine.php(61): Illuminate\\View\\Engines\\PhpEngine->evaluatePath()
#5 /var/www/html/petFriend-laravel/petFriend-laravel/vendor/facade/ignition/src/Views/Engines/CompilerEngine.php(37): Illuminate\\View\\Engines\\CompilerEngine->get()
#6 /var/www/html/petFriend-laravel/petFriend-laravel/vendor/laravel/framework/src/Illuminate/View/View.php(139): Facade\\Ignition\\Views\\Engines\\CompilerEngine->get()
#7 /var/www/html/petFriend-laravel/petFriend-laravel/vendor/laravel/framework/src/Illuminate/View/View.php(122): Illuminate\\View\\View->getContents()
#8 /var/www/html/petFriend-laravel/petFriend-laravel/vendor/laravel/framework/src/Illuminate/View/View.php(91): Illuminate\\View\\View->renderContents()
#9 /var/www/html/petFriend-laravel/petFriend-laravel/vendor/laravel/framework/src/Illuminate/Http/Response.php(69): Illuminate\\View\\View->render()
#10 /var/www/html/petFriend-laravel/petFriend-laravel/vendor/laravel/framework/src/Illuminate/Http/Response.php(35): Illuminate\\Http\\Response->setContent()
#11 /var/www/html/petFriend-laravel/petFriend-laravel/vendor/laravel/framework/src/Illuminate/Routing/Router.php(793): Illuminate\\Http\\Response->__construct()
#12 /var/www/html/petFriend-laravel/petFriend-laravel/vendor/laravel/framework/src/Illuminate/Routing/Router.php(763): Illuminate\\Routing\\Router::toResponse()
#13 /var/www/html/petFriend-laravel/petFriend-laravel/vendor/laravel/framework/src/Illuminate/Routing/Router.php(695): Illuminate\\Routing\\Router->prepareResponse()
#14 /var/www/html/petFriend-laravel/petFriend-laravel/vendor/laravel/framework/src/Illuminate/Pipeline/Pipeline.php(128): Illuminate\\Routing\\Router->Illuminate\\Routing\\{closure}()
#15 /var/www/html/petFriend-laravel/petFriend-laravel/vendor/laravel/framework/src/Illuminate/Routing/Middleware/SubstituteBindings.php(50): Illuminate\\Pipeline\\Pipeline->Illuminate\\Pipeline\\{closure}()
#16 /var/www/html/petFriend-laravel/petFriend-laravel/vendor/laravel/framework/src/Illuminate/Pipeline/Pipeline.php(167): Illuminate\\Routing\\Middleware\\SubstituteBindings->handle()
#17 /var/www/html/petFriend-laravel/petFriend-laravel/vendor/laravel/framework/src/Illuminate/Foundation/Http/Middleware/VerifyCsrfToken.php(78): Illuminate\\Pipeline\\Pipeline->Illuminate\\Pipeline\\{closure}()
#18 /var/www/html/petFriend-laravel/petFriend-laravel/vendor/laravel/framework/src/Illuminate/Pipeline/Pipeline.php(167): Illuminate\\Foundation\\Http\\Middleware\\VerifyCsrfToken->handle()
#19 /var/www/html/petFriend-laravel/petFriend-laravel/vendor/laravel/framework/src/Illuminate/View/Middleware/ShareErrorsFromSession.php(49): Illuminate\\Pipeline\\Pipeline->Illuminate\\Pipeline\\{closure}()
#20 /var/www/html/petFriend-laravel/petFriend-laravel/vendor/laravel/framework/src/Illuminate/Pipeline/Pipeline.php(167): Illuminate\\View\\Middleware\\ShareErrorsFromSession->handle()
#21 /var/www/html/petFriend-laravel/petFriend-laravel/vendor/laravel/framework/src/Illuminate/Session/Middleware/StartSession.php(121): Illuminate\\Pipeline\\Pipeline->Illuminate\\Pipeline\\{closure}()
#22 /var/www/html/petFriend-laravel/petFriend-laravel/vendor/laravel/framework/src/Illuminate/Session/Middleware/StartSession.php(64): Illuminate\\Session\\Middleware\\StartSession->handleStatefulRequest()
#23 /var/www/html/petFriend-laravel/petFriend-laravel/vendor/laravel/framework/src/Illuminate/Pipeline/Pipeline.php(167): Illuminate\\Session\\Middleware\\StartSession->handle()
#24 /var/www/html/petFriend-laravel/petFriend-laravel/vendor/laravel/framework/src/Illuminate/Cookie/Middleware/AddQueuedCookiesToResponse.php(37): Illuminate\\Pipeline\\Pipeline->Illuminate\\Pipeline\\{closure}()
#25 /var/www/html/petFriend-laravel/petFriend-laravel/vendor/laravel/framework/src/Illuminate/Pipeline/Pipeline.php(167): Illuminate\\Cookie\\Middleware\\AddQueuedCookiesToResponse->handle()
#26 /var/www/html/petFriend-laravel/petFriend-laravel/vendor/laravel/framework/src/Illuminate/Cookie/Middleware/EncryptCookies.php(67): Illuminate\\Pipeline\\Pipeline->Illuminate\\Pipeline\\{closure}()
#27 /var/www/html/petFriend-laravel/petFriend-laravel/vendor/laravel/framework/src/Illuminate/Pipeline/Pipeline.php(167): Illuminate\\Cookie\\Middleware\\EncryptCookies->handle()
#28 /var/www/html/petFriend-laravel/petFriend-laravel/vendor/laravel/framework/src/Illuminate/Pipeline/Pipeline.php(103): Illuminate\\Pipeline\\Pipeline->Illuminate\\Pipeline\\{closure}()
#29 /var/www/html/petFriend-laravel/petFriend-laravel/vendor/laravel/framework/src/Illuminate/Routing/Router.php(697): Illuminate\\Pipeline\\Pipeline->then()
#30 /var/www/html/petFriend-laravel/petFriend-laravel/vendor/laravel/framework/src/Illuminate/Routing/Router.php(672): Illuminate\\Routing\\Router->runRouteWithinStack()
#31 /var/www/html/petFriend-laravel/petFriend-laravel/vendor/laravel/framework/src/Illuminate/Routing/Router.php(636): Illuminate\\Routing\\Router->runRoute()
#32 /var/www/html/petFriend-laravel/petFriend-laravel/vendor/laravel/framework/src/Illuminate/Routing/Router.php(625): Illuminate\\Routing\\Router->dispatchToRoute()
#33 /var/www/html/petFriend-laravel/petFriend-laravel/vendor/laravel/framework/src/Illuminate/Foundation/Http/Kernel.php(166): Illuminate\\Routing\\Router->dispatch()
#34 /var/www/html/petFriend-laravel/petFriend-laravel/vendor/laravel/framework/src/Illuminate/Pipeline/Pipeline.php(128): Illuminate\\Foundation\\Http\\Kernel->Illuminate\\Foundation\\Http\\{closure}()
#35 /var/www/html/petFriend-laravel/petFriend-laravel/vendor/laravel/framework/src/Illuminate/Foundation/Http/Middleware/TransformsRequest.php(21): Illuminate\\Pipeline\\Pipeline->Illuminate\\Pipeline\\{closure}()
#36 /var/www/html/petFriend-laravel/petFriend-laravel/vendor/laravel/framework/src/Illuminate/Foundation/Http/Middleware/ConvertEmptyStringsToNull.php(31): Illuminate\\Foundation\\Http\\Middleware\\TransformsRequest->handle()
#37 /var/www/html/petFriend-laravel/petFriend-laravel/vendor/laravel/framework/src/Illuminate/Pipeline/Pipeline.php(167): Illuminate\\Foundation\\Http\\Middleware\\ConvertEmptyStringsToNull->handle()
#38 /var/www/html/petFriend-laravel/petFriend-laravel/vendor/laravel/framework/src/Illuminate/Foundation/Http/Middleware/TransformsRequest.php(21): Illuminate\\Pipeline\\Pipeline->Illuminate\\Pipeline\\{closure}()
#39 /var/www/html/petFriend-laravel/petFriend-laravel/vendor/laravel/framework/src/Illuminate/Foundation/Http/Middleware/TrimStrings.php(40): Illuminate\\Foundation\\Http\\Middleware\\TransformsRequest->handle()
#40 /var/www/html/petFriend-laravel/petFriend-laravel/vendor/laravel/framework/src/Illuminate/Pipeline/Pipeline.php(167): Illuminate\\Foundation\\Http\\Middleware\\TrimStrings->handle()
#41 /var/www/html/petFriend-laravel/petFriend-laravel/vendor/laravel/framework/src/Illuminate/Foundation/Http/Middleware/ValidatePostSize.php(27): Illuminate\\Pipeline\\Pipeline->Illuminate\\Pipeline\\{closure}()
#42 /var/www/html/petFriend-laravel/petFriend-laravel/vendor/laravel/framework/src/Illuminate/Pipeline/Pipeline.php(167): Illuminate\\Foundation\\Http\\Middleware\\ValidatePostSize->handle()
#43 /var/www/html/petFriend-laravel/petFriend-laravel/vendor/laravel/framework/src/Illuminate/Foundation/Http/Middleware/PreventRequestsDuringMaintenance.php(86): Illuminate\\Pipeline\\Pipeline->Illuminate\\Pipeline\\{closure}()
#44 /var/www/html/petFriend-laravel/petFriend-laravel/vendor/laravel/framework/src/Illuminate/Pipeline/Pipeline.php(167): Illuminate\\Foundation\\Http\\Middleware\\PreventRequestsDuringMaintenance->handle()
#45 /var/www/html/petFriend-laravel/petFriend-laravel/vendor/fruitcake/laravel-cors/src/HandleCors.php(38): Illuminate\\Pipeline\\Pipeline->Illuminate\\Pipeline\\{closure}()
#46 /var/www/html/petFriend-laravel/petFriend-laravel/vendor/laravel/framework/src/Illuminate/Pipeline/Pipeline.php(167): Fruitcake\\Cors\\HandleCors->handle()
#47 /var/www/html/petFriend-laravel/petFriend-laravel/vendor/fideloper/proxy/src/TrustProxies.php(57): Illuminate\\Pipeline\\Pipeline->Illuminate\\Pipeline\\{closure}()
#48 /var/www/html/petFriend-laravel/petFriend-laravel/vendor/laravel/framework/src/Illuminate/Pipeline/Pipeline.php(167): Fideloper\\Proxy\\TrustProxies->handle()
#49 /var/www/html/petFriend-laravel/petFriend-laravel/vendor/laravel/framework/src/Illuminate/Pipeline/Pipeline.php(103): Illuminate\\Pipeline\\Pipeline->Illuminate\\Pipeline\\{closure}()
#50 /var/www/html/petFriend-laravel/petFriend-laravel/vendor/laravel/framework/src/Illuminate/Foundation/Http/Kernel.php(141): Illuminate\\Pipeline\\Pipeline->then()
#51 /var/www/html/petFriend-laravel/petFriend-laravel/vendor/laravel/framework/src/Illuminate/Foundation/Http/Kernel.php(110): Illuminate\\Foundation\\Http\\Kernel->sendRequestThroughRouter()
#52 /var/www/html/petFriend-laravel/petFriend-laravel/public/index.php(52): Illuminate\\Foundation\\Http\\Kernel->handle()
#53 /var/www/html/petFriend-laravel/petFriend-laravel/server.php(21): require_once('/var/www/html/p...')
#54 {main}

[previous exception] [object] (ErrorException(code: 0): Undefined variable: nome at /var/www/html/petFriend-laravel/petFriend-laravel/storage/framework/views/aa6eecf55c0a343dbbf6e1a34a6ebbecec029a27.php:10)
[stacktrace]
#0 /var/www/html/petFriend-laravel/petFriend-laravel/storage/framework/views/aa6eecf55c0a343dbbf6e1a34a6ebbecec029a27.php(10): Illuminate\\Foundation\\Bootstrap\\HandleExceptions->handleError()
#1 /var/www/html/petFriend-laravel/petFriend-laravel/vendor/laravel/framework/src/Illuminate/Filesystem/Filesystem.php(107): require('/var/www/html/p...')
#2 /var/www/html/petFriend-laravel/petFriend-laravel/vendor/laravel/framework/src/Illuminate/Filesystem/Filesystem.php(108): Illuminate\\Filesystem\\Filesystem::Illuminate\\Filesystem\\{closure}()
#3 /var/www/html/petFriend-laravel/petFriend-laravel/vendor/laravel/framework/src/Illuminate/View/Engines/PhpEngine.php(58): Illuminate\\Filesystem\\Filesystem->getRequire()
#4 /var/www/html/petFriend-laravel/petFriend-laravel/vendor/laravel/framework/src/Illuminate/View/Engines/CompilerEngine.php(61): Illuminate\\View\\Engines\\PhpEngine->evaluatePath()
#5 /var/www/html/petFriend-laravel/petFriend-laravel/vendor/facade/ignition/src/Views/Engines/CompilerEngine.php(37): Illuminate\\View\\Engines\\CompilerEngine->get()
#6 /var/www/html/petFriend-laravel/petFriend-laravel/vendor/laravel/framework/src/Illuminate/View/View.php(139): Facade\\Ignition\\Views\\Engines\\CompilerEngine->get()
#7 /var/www/html/petFriend-laravel/petFriend-laravel/vendor/laravel/framework/src/Illuminate/View/View.php(122): Illuminate\\View\\View->getContents()
#8 /var/www/html/petFriend-laravel/petFriend-laravel/vendor/laravel/framework/src/Illuminate/View/View.php(91): Illuminate\\View\\View->renderContents()
#9 /var/www/html/petFriend-laravel/petFriend-laravel/vendor/laravel/framework/src/Illuminate/Http/Response.php(69): Illuminate\\View\\View->render()
#10 /var/www/html/petFriend-laravel/petFriend-laravel/vendor/laravel/framework/src/Illuminate/Http/Response.php(35): Illuminate\\Http\\Response->setContent()
#11 /var/www/html/petFriend-laravel/petFriend-laravel/vendor/laravel/framework/src/Illuminate/Routing/Router.php(793): Illuminate\\Http\\Response->__construct()
#12 /var/www/html/petFriend-laravel/petFriend-laravel/vendor/laravel/framework/src/Illuminate/Routing/Router.php(763): Illuminate\\Routing\\Router::toResponse()
#13 /var/www/html/petFriend-laravel/petFriend-laravel/vendor/laravel/framework/src/Illuminate/Routing/Router.php(695): Illuminate\\Routing\\Router->prepareResponse()
#14 /var/www/html/petFriend-laravel/petFriend-laravel/vendor/laravel/framework/src/Illuminate/Pipeline/Pipeline.php(128): Illuminate\\Routing\\Router->Illuminate\\Routing\\{closure}()
#15 /var/www/html/petFriend-laravel/petFriend-laravel/vendor/laravel/framework/src/Illuminate/Routing/Middleware/SubstituteBindings.php(50): Illuminate\\Pipeline\\Pipeline->Illuminate\\Pipeline\\{closure}()
#16 /var/www/html/petFriend-laravel/petFriend-laravel/vendor/laravel/framework/src/Illuminate/Pipeline/Pipeline.php(167): Illuminate\\Routing\\Middleware\\SubstituteBindings->handle()
#17 /var/www/html/petFriend-laravel/petFriend-laravel/vendor/laravel/framework/src/Illuminate/Foundation/Http/Middleware/VerifyCsrfToken.php(78): Illuminate\\Pipeline\\Pipeline->Illuminate\\Pipeline\\{closure}()
#18 /var/www/html/petFriend-laravel/petFriend-laravel/vendor/laravel/framework/src/Illuminate/Pipeline/Pipeline.php(167): Illuminate\\Foundation\\Http\\Middleware\\VerifyCsrfToken->handle()
#19 /var/www/html/petFriend-laravel/petFriend-laravel/vendor/laravel/framework/src/Illuminate/View/Middleware/ShareErrorsFromSession.php(49): Illuminate\\Pipeline\\Pipeline->Illuminate\\Pipeline\\{closure}()
#20 /var/www/html/petFriend-laravel/petFriend-laravel/vendor/laravel/framework/src/Illuminate/Pipeline/Pipeline.php(167): Illuminate\\View\\Middleware\\ShareErrorsFromSession->handle()
#21 /var/www/html/petFriend-laravel/petFriend-laravel/vendor/laravel/framework/src/Illuminate/Session/Middleware/StartSession.php(121): Illuminate\\Pipeline\\Pipeline->Illuminate\\Pipeline\\{closure}()
#22 /var/www/html/petFriend-laravel/petFriend-laravel/vendor/laravel/framework/src/Illuminate/Session/Middleware/StartSession.php(64): Illuminate\\Session\\Middleware\\StartSession->handleStatefulRequest()
#23 /var/www/html/petFriend-laravel/petFriend-laravel/vendor/laravel/framework/src/Illuminate/Pipeline/Pipeline.php(167): Illuminate\\Session\\Middleware\\StartSession->handle()
#24 /var/www/html/petFriend-laravel/petFriend-laravel/vendor/laravel/framework/src/Illuminate/Cookie/Middleware/AddQueuedCookiesToResponse.php(37): Illuminate\\Pipeline\\Pipeline->Illuminate\\Pipeline\\{closure}()
#25 /var/www/html/petFriend-laravel/petFriend-laravel/vendor/laravel/framework/src/Illuminate/Pipeline/Pipeline.php(167): Illuminate\\Cookie\\Middleware\\AddQueuedCookiesToResponse->handle()
#26 /var/www/html/petFriend-laravel/petFriend-laravel/vendor/laravel/framework/src/Illuminate/Cookie/Middleware/EncryptCookies.php(67): Illuminate\\Pipeline\\Pipeline->Illuminate\\Pipeline\\{closure}()
#27 /var/www/html/petFriend-laravel/petFriend-laravel/vendor/laravel/framework/src/Illuminate/Pipeline/Pipeline.php(167): Illuminate\\Cookie\\Middleware\\EncryptCookies->handle()
#28 /var/www/html/petFriend-laravel/petFriend-laravel/vendor/laravel/framework/src/Illuminate/Pipeline/Pipeline.php(103): Illuminate\\Pipeline\\Pipeline->Illuminate\\Pipeline\\{closure}()
#29 /var/www/html/petFriend-laravel/petFriend-laravel/vendor/laravel/framework/src/Illuminate/Routing/Router.php(697): Illuminate\\Pipeline\\Pipeline->then()
#30 /var/www/html/petFriend-laravel/petFriend-laravel/vendor/laravel/framework/src/Illuminate/Routing/Router.php(672): Illuminate\\Routing\\Router->runRouteWithinStack()
#31 /var/www/html/petFriend-laravel/petFriend-laravel/vendor/laravel/framework/src/Illuminate/Routing/Router.php(636): Illuminate\\Routing\\Router->runRoute()
#32 /var/www/html/petFriend-laravel/petFriend-laravel/vendor/laravel/framework/src/Illuminate/Routing/Router.php(625): Illuminate\\Routing\\Router->dispatchToRoute()
#33 /var/www/html/petFriend-laravel/petFriend-laravel/vendor/laravel/framework/src/Illuminate/Foundation/Http/Kernel.php(166): Illuminate\\Routing\\Router->dispatch()
#34 /var/www/html/petFriend-laravel/petFriend-laravel/vendor/laravel/framework/src/Illuminate/Pipeline/Pipeline.php(128): Illuminate\\Foundation\\Http\\Kernel->Illuminate\\Foundation\\Http\\{closure}()
#35 /var/www/html/petFriend-laravel/petFriend-laravel/vendor/laravel/framework/src/Illuminate/Foundation/Http/Middleware/TransformsRequest.php(21): Illuminate\\Pipeline\\Pipeline->Illuminate\\Pipeline\\{closure}()
#36 /var/www/html/petFriend-laravel/petFriend-laravel/vendor/laravel/framework/src/Illuminate/Foundation/Http/Middleware/ConvertEmptyStringsToNull.php(31): Illuminate\\Foundation\\Http\\Middleware\\TransformsRequest->handle()
#37 /var/www/html/petFriend-laravel/petFriend-laravel/vendor/laravel/framework/src/Illuminate/Pipeline/Pipeline.php(167): Illuminate\\Foundation\\Http\\Middleware\\ConvertEmptyStringsToNull->handle()
#38 /var/www/html/petFriend-laravel/petFriend-laravel/vendor/laravel/framework/src/Illuminate/Foundation/Http/Middleware/TransformsRequest.php(21): Illuminate\\Pipeline\\Pipeline->Illuminate\\Pipeline\\{closure}()
#39 /var/www/html/petFriend-laravel/petFriend-laravel/vendor/laravel/framework/src/Illuminate/Foundation/Http/Middleware/TrimStrings.php(40): Illuminate\\Foundation\\Http\\Middleware\\TransformsRequest->handle()
#40 /var/www/html/petFriend-laravel/petFriend-laravel/vendor/laravel/framework/src/Illuminate/Pipeline/Pipeline.php(167): Illuminate\\Foundation\\Http\\Middleware\\TrimStrings->handle()
#41 /var/www/html/petFriend-laravel/petFriend-laravel/vendor/laravel/framework/src/Illuminate/Foundation/Http/Middleware/ValidatePostSize.php(27): Illuminate\\Pipeline\\Pipeline->Illuminate\\Pipeline\\{closure}()
#42 /var/www/html/petFriend-laravel/petFriend-laravel/vendor/laravel/framework/src/Illuminate/Pipeline/Pipeline.php(167): Illuminate\\Foundation\\Http\\Middleware\\ValidatePostSize->handle()
#43 /var/www/html/petFriend-laravel/petFriend-laravel/vendor/laravel/framework/src/Illuminate/Foundation/Http/Middleware/PreventRequestsDuringMaintenance.php(86): Illuminate\\Pipeline\\Pipeline->Illuminate\\Pipeline\\{closure}()
#44 /var/www/html/petFriend-laravel/petFriend-laravel/vendor/laravel/framework/src/Illuminate/Pipeline/Pipeline.php(167): Illuminate\\Foundation\\Http\\Middleware\\PreventRequestsDuringMaintenance->handle()
#45 /var/www/html/petFriend-laravel/petFriend-laravel/vendor/fruitcake/laravel-cors/src/HandleCors.php(38): Illuminate\\Pipeline\\Pipeline->Illuminate\\Pipeline\\{closure}()
#46 /var/www/html/petFriend-laravel/petFriend-laravel/vendor/laravel/framework/src/Illuminate/Pipeline/Pipeline.php(167): Fruitcake\\Cors\\HandleCors->handle()
#47 /var/www/html/petFriend-laravel/petFriend-laravel/vendor/fideloper/proxy/src/TrustProxies.php(57): Illuminate\\Pipeline\\Pipeline->Illuminate\\Pipeline\\{closure}()
#48 /var/www/html/petFriend-laravel/petFriend-laravel/vendor/laravel/framework/src/Illuminate/Pipeline/Pipeline.php(167): Fideloper\\Proxy\\TrustProxies->handle()
#49 /var/www/html/petFriend-laravel/petFriend-laravel/vendor/laravel/framework/src/Illuminate/Pipeline/Pipeline.php(103): Illuminate\\Pipeline\\Pipeline->Illuminate\\Pipeline\\{closure}()
#50 /var/www/html/petFriend-laravel/petFriend-laravel/vendor/laravel/framework/src/Illuminate/Foundation/Http/Kernel.php(141): Illuminate\\Pipeline\\Pipeline->then()
#51 /var/www/html/petFriend-laravel/petFriend-laravel/vendor/laravel/framework/src/Illuminate/Foundation/Http/Kernel.php(110): Illuminate\\Foundation\\Http\\Kernel->sendRequestThroughRouter()
#52 /var/www/html/petFriend-laravel/petFriend-laravel/public/index.php(52): Illuminate\\Foundation\\Http\\Kernel->handle()
#53 /var/www/html/petFriend-laravel/petFriend-laravel/server.php(21): require_once('/var/www/html/p...')
#54 {main}
"} 
[2021-06-12 11:48:12] local.ERROR: View [welcome] not found. {"exception":"[object] (InvalidArgumentException(code: 0): View [welcome] not found. at /var/www/html/petFriend-laravel/petFriend-laravel/vendor/laravel/framework/src/Illuminate/View/FileViewFinder.php:137)
[stacktrace]
#0 /var/www/html/petFriend-laravel/petFriend-laravel/vendor/laravel/framework/src/Illuminate/View/FileViewFinder.php(79): Illuminate\\View\\FileViewFinder->findInPaths()
#1 /var/www/html/petFriend-laravel/petFriend-laravel/vendor/laravel/framework/src/Illuminate/View/Factory.php(138): Illuminate\\View\\FileViewFinder->find()
#2 /var/www/html/petFriend-laravel/petFriend-laravel/vendor/laravel/framework/src/Illuminate/Foundation/helpers.php(919): Illuminate\\View\\Factory->make()
#3 /var/www/html/petFriend-laravel/petFriend-laravel/routes/web.php(17): view()
#4 /var/www/html/petFriend-laravel/petFriend-laravel/vendor/laravel/framework/src/Illuminate/Routing/Route.php(230): Illuminate\\Routing\\RouteFileRegistrar->{closure}()
#5 /var/www/html/petFriend-laravel/petFriend-laravel/vendor/laravel/framework/src/Illuminate/Routing/Route.php(200): Illuminate\\Routing\\Route->runCallable()
#6 /var/www/html/petFriend-laravel/petFriend-laravel/vendor/laravel/framework/src/Illuminate/Routing/Router.php(695): Illuminate\\Routing\\Route->run()
#7 /var/www/html/petFriend-laravel/petFriend-laravel/vendor/laravel/framework/src/Illuminate/Pipeline/Pipeline.php(128): Illuminate\\Routing\\Router->Illuminate\\Routing\\{closure}()
#8 /var/www/html/petFriend-laravel/petFriend-laravel/vendor/laravel/framework/src/Illuminate/Routing/Middleware/SubstituteBindings.php(50): Illuminate\\Pipeline\\Pipeline->Illuminate\\Pipeline\\{closure}()
#9 /var/www/html/petFriend-laravel/petFriend-laravel/vendor/laravel/framework/src/Illuminate/Pipeline/Pipeline.php(167): Illuminate\\Routing\\Middleware\\SubstituteBindings->handle()
#10 /var/www/html/petFriend-laravel/petFriend-laravel/vendor/laravel/framework/src/Illuminate/Foundation/Http/Middleware/VerifyCsrfToken.php(78): Illuminate\\Pipeline\\Pipeline->Illuminate\\Pipeline\\{closure}()
#11 /var/www/html/petFriend-laravel/petFriend-laravel/vendor/laravel/framework/src/Illuminate/Pipeline/Pipeline.php(167): Illuminate\\Foundation\\Http\\Middleware\\VerifyCsrfToken->handle()
#12 /var/www/html/petFriend-laravel/petFriend-laravel/vendor/laravel/framework/src/Illuminate/View/Middleware/ShareErrorsFromSession.php(49): Illuminate\\Pipeline\\Pipeline->Illuminate\\Pipeline\\{closure}()
#13 /var/www/html/petFriend-laravel/petFriend-laravel/vendor/laravel/framework/src/Illuminate/Pipeline/Pipeline.php(167): Illuminate\\View\\Middleware\\ShareErrorsFromSession->handle()
#14 /var/www/html/petFriend-laravel/petFriend-laravel/vendor/laravel/framework/src/Illuminate/Session/Middleware/StartSession.php(121): Illuminate\\Pipeline\\Pipeline->Illuminate\\Pipeline\\{closure}()
#15 /var/www/html/petFriend-laravel/petFriend-laravel/vendor/laravel/framework/src/Illuminate/Session/Middleware/StartSession.php(64): Illuminate\\Session\\Middleware\\StartSession->handleStatefulRequest()
#16 /var/www/html/petFriend-laravel/petFriend-laravel/vendor/laravel/framework/src/Illuminate/Pipeline/Pipeline.php(167): Illuminate\\Session\\Middleware\\StartSession->handle()
#17 /var/www/html/petFriend-laravel/petFriend-laravel/vendor/laravel/framework/src/Illuminate/Cookie/Middleware/AddQueuedCookiesToResponse.php(37): Illuminate\\Pipeline\\Pipeline->Illuminate\\Pipeline\\{closure}()
#18 /var/www/html/petFriend-laravel/petFriend-laravel/vendor/laravel/framework/src/Illuminate/Pipeline/Pipeline.php(167): Illuminate\\Cookie\\Middleware\\AddQueuedCookiesToResponse->handle()
#19 /var/www/html/petFriend-laravel/petFriend-laravel/vendor/laravel/framework/src/Illuminate/Cookie/Middleware/EncryptCookies.php(67): Illuminate\\Pipeline\\Pipeline->Illuminate\\Pipeline\\{closure}()
#20 /var/www/html/petFriend-laravel/petFriend-laravel/vendor/laravel/framework/src/Illuminate/Pipeline/Pipeline.php(167): Illuminate\\Cookie\\Middleware\\EncryptCookies->handle()
#21 /var/www/html/petFriend-laravel/petFriend-laravel/vendor/laravel/framework/src/Illuminate/Pipeline/Pipeline.php(103): Illuminate\\Pipeline\\Pipeline->Illuminate\\Pipeline\\{closure}()
#22 /var/www/html/petFriend-laravel/petFriend-laravel/vendor/laravel/framework/src/Illuminate/Routing/Router.php(697): Illuminate\\Pipeline\\Pipeline->then()
#23 /var/www/html/petFriend-laravel/petFriend-laravel/vendor/laravel/framework/src/Illuminate/Routing/Router.php(672): Illuminate\\Routing\\Router->runRouteWithinStack()
#24 /var/www/html/petFriend-laravel/petFriend-laravel/vendor/laravel/framework/src/Illuminate/Routing/Router.php(636): Illuminate\\Routing\\Router->runRoute()
#25 /var/www/html/petFriend-laravel/petFriend-laravel/vendor/laravel/framework/src/Illuminate/Routing/Router.php(625): Illuminate\\Routing\\Router->dispatchToRoute()
#26 /var/www/html/petFriend-laravel/petFriend-laravel/vendor/laravel/framework/src/Illuminate/Foundation/Http/Kernel.php(166): Illuminate\\Routing\\Router->dispatch()
#27 /var/www/html/petFriend-laravel/petFriend-laravel/vendor/laravel/framework/src/Illuminate/Pipeline/Pipeline.php(128): Illuminate\\Foundation\\Http\\Kernel->Illuminate\\Foundation\\Http\\{closure}()
#28 /var/www/html/petFriend-laravel/petFriend-laravel/vendor/laravel/framework/src/Illuminate/Foundation/Http/Middleware/TransformsRequest.php(21): Illuminate\\Pipeline\\Pipeline->Illuminate\\Pipeline\\{closure}()
#29 /var/www/html/petFriend-laravel/petFriend-laravel/vendor/laravel/framework/src/Illuminate/Foundation/Http/Middleware/ConvertEmptyStringsToNull.php(31): Illuminate\\Foundation\\Http\\Middleware\\TransformsRequest->handle()
#30 /var/www/html/petFriend-laravel/petFriend-laravel/vendor/laravel/framework/src/Illuminate/Pipeline/Pipeline.php(167): Illuminate\\Foundation\\Http\\Middleware\\ConvertEmptyStringsToNull->handle()
#31 /var/www/html/petFriend-laravel/petFriend-laravel/vendor/laravel/framework/src/Illuminate/Foundation/Http/Middleware/TransformsRequest.php(21): Illuminate\\Pipeline\\Pipeline->Illuminate\\Pipeline\\{closure}()
#32 /var/www/html/petFriend-laravel/petFriend-laravel/vendor/laravel/framework/src/Illuminate/Foundation/Http/Middleware/TrimStrings.php(40): Illuminate\\Foundation\\Http\\Middleware\\TransformsRequest->handle()
#33 /var/www/html/petFriend-laravel/petFriend-laravel/vendor/laravel/framework/src/Illuminate/Pipeline/Pipeline.php(167): Illuminate\\Foundation\\Http\\Middleware\\TrimStrings->handle()
#34 /var/www/html/petFriend-laravel/petFriend-laravel/vendor/laravel/framework/src/Illuminate/Foundation/Http/Middleware/ValidatePostSize.php(27): Illuminate\\Pipeline\\Pipeline->Illuminate\\Pipeline\\{closure}()
#35 /var/www/html/petFriend-laravel/petFriend-laravel/vendor/laravel/framework/src/Illuminate/Pipeline/Pipeline.php(167): Illuminate\\Foundation\\Http\\Middleware\\ValidatePostSize->handle()
#36 /var/www/html/petFriend-laravel/petFriend-laravel/vendor/laravel/framework/src/Illuminate/Foundation/Http/Middleware/PreventRequestsDuringMaintenance.php(86): Illuminate\\Pipeline\\Pipeline->Illuminate\\Pipeline\\{closure}()
#37 /var/www/html/petFriend-laravel/petFriend-laravel/vendor/laravel/framework/src/Illuminate/Pipeline/Pipeline.php(167): Illuminate\\Foundation\\Http\\Middleware\\PreventRequestsDuringMaintenance->handle()
#38 /var/www/html/petFriend-laravel/petFriend-laravel/vendor/fruitcake/laravel-cors/src/HandleCors.php(38): Illuminate\\Pipeline\\Pipeline->Illuminate\\Pipeline\\{closure}()
#39 /var/www/html/petFriend-laravel/petFriend-laravel/vendor/laravel/framework/src/Illuminate/Pipeline/Pipeline.php(167): Fruitcake\\Cors\\HandleCors->handle()
#40 /var/www/html/petFriend-laravel/petFriend-laravel/vendor/fideloper/proxy/src/TrustProxies.php(57): Illuminate\\Pipeline\\Pipeline->Illuminate\\Pipeline\\{closure}()
#41 /var/www/html/petFriend-laravel/petFriend-laravel/vendor/laravel/framework/src/Illuminate/Pipeline/Pipeline.php(167): Fideloper\\Proxy\\TrustProxies->handle()
#42 /var/www/html/petFriend-laravel/petFriend-laravel/vendor/laravel/framework/src/Illuminate/Pipeline/Pipeline.php(103): Illuminate\\Pipeline\\Pipeline->Illuminate\\Pipeline\\{closure}()
#43 /var/www/html/petFriend-laravel/petFriend-laravel/vendor/laravel/framework/src/Illuminate/Foundation/Http/Kernel.php(141): Illuminate\\Pipeline\\Pipeline->then()
#44 /var/www/html/petFriend-laravel/petFriend-laravel/vendor/laravel/framework/src/Illuminate/Foundation/Http/Kernel.php(110): Illuminate\\Foundation\\Http\\Kernel->sendRequestThroughRouter()
#45 /var/www/html/petFriend-laravel/petFriend-laravel/public/index.php(52): Illuminate\\Foundation\\Http\\Kernel->handle()
#46 /var/www/html/petFriend-laravel/petFriend-laravel/server.php(21): require_once('/var/www/html/p...')
#47 {main}
"} 
[2021-06-12 11:55:05] local.ERROR: Invalid route action: [App\Controllers\PetController]. {"exception":"[object] (UnexpectedValueException(code: 0): Invalid route action: [App\\Controllers\\PetController]. at /var/www/html/petFriend-laravel/petFriend-laravel/vendor/laravel/framework/src/Illuminate/Routing/RouteAction.php:92)
[stacktrace]
#0 /var/www/html/petFriend-laravel/petFriend-laravel/vendor/laravel/framework/src/Illuminate/Routing/RouteAction.php(47): Illuminate\\Routing\\RouteAction::makeInvokable()
#1 /var/www/html/petFriend-laravel/petFriend-laravel/vendor/laravel/framework/src/Illuminate/Routing/Route.php(183): Illuminate\\Routing\\RouteAction::parse()
#2 /var/www/html/petFriend-laravel/petFriend-laravel/vendor/laravel/framework/src/Illuminate/Routing/Route.php(164): Illuminate\\Routing\\Route->parseAction()
#3 /var/www/html/petFriend-laravel/petFriend-laravel/vendor/laravel/framework/src/Illuminate/Routing/Router.php(557): Illuminate\\Routing\\Route->__construct()
#4 /var/www/html/petFriend-laravel/petFriend-laravel/vendor/laravel/framework/src/Illuminate/Routing/Router.php(476): Illuminate\\Routing\\Router->newRoute()
#5 /var/www/html/petFriend-laravel/petFriend-laravel/vendor/laravel/framework/src/Illuminate/Routing/Router.php(455): Illuminate\\Routing\\Router->createRoute()
#6 /var/www/html/petFriend-laravel/petFriend-laravel/vendor/laravel/framework/src/Illuminate/Routing/Router.php(147): Illuminate\\Routing\\Router->addRoute()
#7 /var/www/html/petFriend-laravel/petFriend-laravel/vendor/laravel/framework/src/Illuminate/Support/Facades/Facade.php(261): Illuminate\\Routing\\Router->get()
#8 /var/www/html/petFriend-laravel/petFriend-laravel/routes/web.php(17): Illuminate\\Support\\Facades\\Facade::__callStatic()
#9 /var/www/html/petFriend-laravel/petFriend-laravel/vendor/laravel/framework/src/Illuminate/Routing/RouteFileRegistrar.php(35): require('/var/www/html/p...')
#10 /var/www/html/petFriend-laravel/petFriend-laravel/vendor/laravel/framework/src/Illuminate/Routing/Router.php(425): Illuminate\\Routing\\RouteFileRegistrar->register()
#11 /var/www/html/petFriend-laravel/petFriend-laravel/vendor/laravel/framework/src/Illuminate/Routing/Router.php(382): Illuminate\\Routing\\Router->loadRoutes()
#12 /var/www/html/petFriend-laravel/petFriend-laravel/vendor/laravel/framework/src/Illuminate/Routing/RouteRegistrar.php(135): Illuminate\\Routing\\Router->group()
#13 /var/www/html/petFriend-laravel/petFriend-laravel/app/Providers/RouteServiceProvider.php(48): Illuminate\\Routing\\RouteRegistrar->group()
#14 /var/www/html/petFriend-laravel/petFriend-laravel/vendor/laravel/framework/src/Illuminate/Container/BoundMethod.php(36): App\\Providers\\RouteServiceProvider->App\\Providers\\{closure}()
#15 /var/www/html/petFriend-laravel/petFriend-laravel/vendor/laravel/framework/src/Illuminate/Container/Util.php(40): Illuminate\\Container\\BoundMethod::Illuminate\\Container\\{closure}()
#16 /var/www/html/petFriend-laravel/petFriend-laravel/vendor/laravel/framework/src/Illuminate/Container/BoundMethod.php(81): Illuminate\\Container\\Util::unwrapIfClosure()
#17 /var/www/html/petFriend-laravel/petFriend-laravel/vendor/laravel/framework/src/Illuminate/Container/BoundMethod.php(37): Illuminate\\Container\\BoundMethod::callBoundMethod()
#18 /var/www/html/petFriend-laravel/petFriend-laravel/vendor/laravel/framework/src/Illuminate/Container/Container.php(614): Illuminate\\Container\\BoundMethod::call()
#19 /var/www/html/petFriend-laravel/petFriend-laravel/vendor/laravel/framework/src/Illuminate/Foundation/Support/Providers/RouteServiceProvider.php(120): Illuminate\\Container\\Container->call()
#20 /var/www/html/petFriend-laravel/petFriend-laravel/vendor/laravel/framework/src/Illuminate/Foundation/Support/Providers/RouteServiceProvider.php(45): Illuminate\\Foundation\\Support\\Providers\\RouteServiceProvider->loadRoutes()
#21 /var/www/html/petFriend-laravel/petFriend-laravel/vendor/laravel/framework/src/Illuminate/Container/BoundMethod.php(36): Illuminate\\Foundation\\Support\\Providers\\RouteServiceProvider->Illuminate\\Foundation\\Support\\Providers\\{closure}()
#22 /var/www/html/petFriend-laravel/petFriend-laravel/vendor/laravel/framework/src/Illuminate/Container/Util.php(40): Illuminate\\Container\\BoundMethod::Illuminate\\Container\\{closure}()
#23 /var/www/html/petFriend-laravel/petFriend-laravel/vendor/laravel/framework/src/Illuminate/Container/BoundMethod.php(81): Illuminate\\Container\\Util::unwrapIfClosure()
#24 /var/www/html/petFriend-laravel/petFriend-laravel/vendor/laravel/framework/src/Illuminate/Container/BoundMethod.php(37): Illuminate\\Container\\BoundMethod::callBoundMethod()
#25 /var/www/html/petFriend-laravel/petFriend-laravel/vendor/laravel/framework/src/Illuminate/Container/Container.php(614): Illuminate\\Container\\BoundMethod::call()
#26 /var/www/html/petFriend-laravel/petFriend-laravel/vendor/laravel/framework/src/Illuminate/Support/ServiceProvider.php(113): Illuminate\\Container\\Container->call()
#27 /var/www/html/petFriend-laravel/petFriend-laravel/vendor/laravel/framework/src/Illuminate/Foundation/Application.php(917): Illuminate\\Support\\ServiceProvider->callBootedCallbacks()
#28 /var/www/html/petFriend-laravel/petFriend-laravel/vendor/laravel/framework/src/Illuminate/Foundation/Application.php(895): Illuminate\\Foundation\\Application->bootProvider()
#29 [internal function]: Illuminate\\Foundation\\Application->Illuminate\\Foundation\\{closure}()
#30 /var/www/html/petFriend-laravel/petFriend-laravel/vendor/laravel/framework/src/Illuminate/Foundation/Application.php(896): array_walk()
#31 /var/www/html/petFriend-laravel/petFriend-laravel/vendor/laravel/framework/src/Illuminate/Foundation/Bootstrap/BootProviders.php(17): Illuminate\\Foundation\\Application->boot()
#32 /var/www/html/petFriend-laravel/petFriend-laravel/vendor/laravel/framework/src/Illuminate/Foundation/Application.php(237): Illuminate\\Foundation\\Bootstrap\\BootProviders->bootstrap()
#33 /var/www/html/petFriend-laravel/petFriend-laravel/vendor/laravel/framework/src/Illuminate/Foundation/Http/Kernel.php(152): Illuminate\\Foundation\\Application->bootstrapWith()
#34 /var/www/html/petFriend-laravel/petFriend-laravel/vendor/laravel/framework/src/Illuminate/Foundation/Http/Kernel.php(136): Illuminate\\Foundation\\Http\\Kernel->bootstrap()
#35 /var/www/html/petFriend-laravel/petFriend-laravel/vendor/laravel/framework/src/Illuminate/Foundation/Http/Kernel.php(110): Illuminate\\Foundation\\Http\\Kernel->sendRequestThroughRouter()
#36 /var/www/html/petFriend-laravel/petFriend-laravel/public/index.php(52): Illuminate\\Foundation\\Http\\Kernel->handle()
#37 /var/www/html/petFriend-laravel/petFriend-laravel/server.php(21): require_once('/var/www/html/p...')
#38 {main}
"} 
[2021-06-12 11:55:10] local.ERROR: Invalid route action: [App\Controllers\PetController]. {"exception":"[object] (UnexpectedValueException(code: 0): Invalid route action: [App\\Controllers\\PetController]. at /var/www/html/petFriend-laravel/petFriend-laravel/vendor/laravel/framework/src/Illuminate/Routing/RouteAction.php:92)
[stacktrace]
#0 /var/www/html/petFriend-laravel/petFriend-laravel/vendor/laravel/framework/src/Illuminate/Routing/RouteAction.php(47): Illuminate\\Routing\\RouteAction::makeInvokable()
#1 /var/www/html/petFriend-laravel/petFriend-laravel/vendor/laravel/framework/src/Illuminate/Routing/Route.php(183): Illuminate\\Routing\\RouteAction::parse()
#2 /var/www/html/petFriend-laravel/petFriend-laravel/vendor/laravel/framework/src/Illuminate/Routing/Route.php(164): Illuminate\\Routing\\Route->parseAction()
#3 /var/www/html/petFriend-laravel/petFriend-laravel/vendor/laravel/framework/src/Illuminate/Routing/Router.php(557): Illuminate\\Routing\\Route->__construct()
#4 /var/www/html/petFriend-laravel/petFriend-laravel/vendor/laravel/framework/src/Illuminate/Routing/Router.php(476): Illuminate\\Routing\\Router->newRoute()
#5 /var/www/html/petFriend-laravel/petFriend-laravel/vendor/laravel/framework/src/Illuminate/Routing/Router.php(455): Illuminate\\Routing\\Router->createRoute()
#6 /var/www/html/petFriend-laravel/petFriend-laravel/vendor/laravel/framework/src/Illuminate/Routing/Router.php(147): Illuminate\\Routing\\Router->addRoute()
#7 /var/www/html/petFriend-laravel/petFriend-laravel/vendor/laravel/framework/src/Illuminate/Support/Facades/Facade.php(261): Illuminate\\Routing\\Router->get()
#8 /var/www/html/petFriend-laravel/petFriend-laravel/routes/web.php(17): Illuminate\\Support\\Facades\\Facade::__callStatic()
#9 /var/www/html/petFriend-laravel/petFriend-laravel/vendor/laravel/framework/src/Illuminate/Routing/RouteFileRegistrar.php(35): require('/var/www/html/p...')
#10 /var/www/html/petFriend-laravel/petFriend-laravel/vendor/laravel/framework/src/Illuminate/Routing/Router.php(425): Illuminate\\Routing\\RouteFileRegistrar->register()
#11 /var/www/html/petFriend-laravel/petFriend-laravel/vendor/laravel/framework/src/Illuminate/Routing/Router.php(382): Illuminate\\Routing\\Router->loadRoutes()
#12 /var/www/html/petFriend-laravel/petFriend-laravel/vendor/laravel/framework/src/Illuminate/Routing/RouteRegistrar.php(135): Illuminate\\Routing\\Router->group()
#13 /var/www/html/petFriend-laravel/petFriend-laravel/app/Providers/RouteServiceProvider.php(48): Illuminate\\Routing\\RouteRegistrar->group()
#14 /var/www/html/petFriend-laravel/petFriend-laravel/vendor/laravel/framework/src/Illuminate/Container/BoundMethod.php(36): App\\Providers\\RouteServiceProvider->App\\Providers\\{closure}()
#15 /var/www/html/petFriend-laravel/petFriend-laravel/vendor/laravel/framework/src/Illuminate/Container/Util.php(40): Illuminate\\Container\\BoundMethod::Illuminate\\Container\\{closure}()
#16 /var/www/html/petFriend-laravel/petFriend-laravel/vendor/laravel/framework/src/Illuminate/Container/BoundMethod.php(81): Illuminate\\Container\\Util::unwrapIfClosure()
#17 /var/www/html/petFriend-laravel/petFriend-laravel/vendor/laravel/framework/src/Illuminate/Container/BoundMethod.php(37): Illuminate\\Container\\BoundMethod::callBoundMethod()
#18 /var/www/html/petFriend-laravel/petFriend-laravel/vendor/laravel/framework/src/Illuminate/Container/Container.php(614): Illuminate\\Container\\BoundMethod::call()
#19 /var/www/html/petFriend-laravel/petFriend-laravel/vendor/laravel/framework/src/Illuminate/Foundation/Support/Providers/RouteServiceProvider.php(120): Illuminate\\Container\\Container->call()
#20 /var/www/html/petFriend-laravel/petFriend-laravel/vendor/laravel/framework/src/Illuminate/Foundation/Support/Providers/RouteServiceProvider.php(45): Illuminate\\Foundation\\Support\\Providers\\RouteServiceProvider->loadRoutes()
#21 /var/www/html/petFriend-laravel/petFriend-laravel/vendor/laravel/framework/src/Illuminate/Container/BoundMethod.php(36): Illuminate\\Foundation\\Support\\Providers\\RouteServiceProvider->Illuminate\\Foundation\\Support\\Providers\\{closure}()
#22 /var/www/html/petFriend-laravel/petFriend-laravel/vendor/laravel/framework/src/Illuminate/Container/Util.php(40): Illuminate\\Container\\BoundMethod::Illuminate\\Container\\{closure}()
#23 /var/www/html/petFriend-laravel/petFriend-laravel/vendor/laravel/framework/src/Illuminate/Container/BoundMethod.php(81): Illuminate\\Container\\Util::unwrapIfClosure()
#24 /var/www/html/petFriend-laravel/petFriend-laravel/vendor/laravel/framework/src/Illuminate/Container/BoundMethod.php(37): Illuminate\\Container\\BoundMethod::callBoundMethod()
#25 /var/www/html/petFriend-laravel/petFriend-laravel/vendor/laravel/framework/src/Illuminate/Container/Container.php(614): Illuminate\\Container\\BoundMethod::call()
#26 /var/www/html/petFriend-laravel/petFriend-laravel/vendor/laravel/framework/src/Illuminate/Support/ServiceProvider.php(113): Illuminate\\Container\\Container->call()
#27 /var/www/html/petFriend-laravel/petFriend-laravel/vendor/laravel/framework/src/Illuminate/Foundation/Application.php(917): Illuminate\\Support\\ServiceProvider->callBootedCallbacks()
#28 /var/www/html/petFriend-laravel/petFriend-laravel/vendor/laravel/framework/src/Illuminate/Foundation/Application.php(895): Illuminate\\Foundation\\Application->bootProvider()
#29 [internal function]: Illuminate\\Foundation\\Application->Illuminate\\Foundation\\{closure}()
#30 /var/www/html/petFriend-laravel/petFriend-laravel/vendor/laravel/framework/src/Illuminate/Foundation/Application.php(896): array_walk()
#31 /var/www/html/petFriend-laravel/petFriend-laravel/vendor/laravel/framework/src/Illuminate/Foundation/Bootstrap/BootProviders.php(17): Illuminate\\Foundation\\Application->boot()
#32 /var/www/html/petFriend-laravel/petFriend-laravel/vendor/laravel/framework/src/Illuminate/Foundation/Application.php(237): Illuminate\\Foundation\\Bootstrap\\BootProviders->bootstrap()
#33 /var/www/html/petFriend-laravel/petFriend-laravel/vendor/laravel/framework/src/Illuminate/Foundation/Http/Kernel.php(152): Illuminate\\Foundation\\Application->bootstrapWith()
#34 /var/www/html/petFriend-laravel/petFriend-laravel/vendor/laravel/framework/src/Illuminate/Foundation/Http/Kernel.php(136): Illuminate\\Foundation\\Http\\Kernel->bootstrap()
#35 /var/www/html/petFriend-laravel/petFriend-laravel/vendor/laravel/framework/src/Illuminate/Foundation/Http/Kernel.php(110): Illuminate\\Foundation\\Http\\Kernel->sendRequestThroughRouter()
#36 /var/www/html/petFriend-laravel/petFriend-laravel/public/index.php(52): Illuminate\\Foundation\\Http\\Kernel->handle()
#37 /var/www/html/petFriend-laravel/petFriend-laravel/server.php(21): require_once('/var/www/html/p...')
#38 {main}
"} 
[2021-06-12 11:55:32] local.ERROR: Invalid route action: [Http\Controllers\PetController]. {"exception":"[object] (UnexpectedValueException(code: 0): Invalid route action: [Http\\Controllers\\PetController]. at /var/www/html/petFriend-laravel/petFriend-laravel/vendor/laravel/framework/src/Illuminate/Routing/RouteAction.php:92)
[stacktrace]
#0 /var/www/html/petFriend-laravel/petFriend-laravel/vendor/laravel/framework/src/Illuminate/Routing/RouteAction.php(47): Illuminate\\Routing\\RouteAction::makeInvokable()
#1 /var/www/html/petFriend-laravel/petFriend-laravel/vendor/laravel/framework/src/Illuminate/Routing/Route.php(183): Illuminate\\Routing\\RouteAction::parse()
#2 /var/www/html/petFriend-laravel/petFriend-laravel/vendor/laravel/framework/src/Illuminate/Routing/Route.php(164): Illuminate\\Routing\\Route->parseAction()
#3 /var/www/html/petFriend-laravel/petFriend-laravel/vendor/laravel/framework/src/Illuminate/Routing/Router.php(557): Illuminate\\Routing\\Route->__construct()
#4 /var/www/html/petFriend-laravel/petFriend-laravel/vendor/laravel/framework/src/Illuminate/Routing/Router.php(476): Illuminate\\Routing\\Router->newRoute()
#5 /var/www/html/petFriend-laravel/petFriend-laravel/vendor/laravel/framework/src/Illuminate/Routing/Router.php(455): Illuminate\\Routing\\Router->createRoute()
#6 /var/www/html/petFriend-laravel/petFriend-laravel/vendor/laravel/framework/src/Illuminate/Routing/Router.php(147): Illuminate\\Routing\\Router->addRoute()
#7 /var/www/html/petFriend-laravel/petFriend-laravel/vendor/laravel/framework/src/Illuminate/Support/Facades/Facade.php(261): Illuminate\\Routing\\Router->get()
#8 /var/www/html/petFriend-laravel/petFriend-laravel/routes/web.php(17): Illuminate\\Support\\Facades\\Facade::__callStatic()
#9 /var/www/html/petFriend-laravel/petFriend-laravel/vendor/laravel/framework/src/Illuminate/Routing/RouteFileRegistrar.php(35): require('/var/www/html/p...')
#10 /var/www/html/petFriend-laravel/petFriend-laravel/vendor/laravel/framework/src/Illuminate/Routing/Router.php(425): Illuminate\\Routing\\RouteFileRegistrar->register()
#11 /var/www/html/petFriend-laravel/petFriend-laravel/vendor/laravel/framework/src/Illuminate/Routing/Router.php(382): Illuminate\\Routing\\Router->loadRoutes()
#12 /var/www/html/petFriend-laravel/petFriend-laravel/vendor/laravel/framework/src/Illuminate/Routing/RouteRegistrar.php(135): Illuminate\\Routing\\Router->group()
#13 /var/www/html/petFriend-laravel/petFriend-laravel/app/Providers/RouteServiceProvider.php(48): Illuminate\\Routing\\RouteRegistrar->group()
#14 /var/www/html/petFriend-laravel/petFriend-laravel/vendor/laravel/framework/src/Illuminate/Container/BoundMethod.php(36): App\\Providers\\RouteServiceProvider->App\\Providers\\{closure}()
#15 /var/www/html/petFriend-laravel/petFriend-laravel/vendor/laravel/framework/src/Illuminate/Container/Util.php(40): Illuminate\\Container\\BoundMethod::Illuminate\\Container\\{closure}()
#16 /var/www/html/petFriend-laravel/petFriend-laravel/vendor/laravel/framework/src/Illuminate/Container/BoundMethod.php(81): Illuminate\\Container\\Util::unwrapIfClosure()
#17 /var/www/html/petFriend-laravel/petFriend-laravel/vendor/laravel/framework/src/Illuminate/Container/BoundMethod.php(37): Illuminate\\Container\\BoundMethod::callBoundMethod()
#18 /var/www/html/petFriend-laravel/petFriend-laravel/vendor/laravel/framework/src/Illuminate/Container/Container.php(614): Illuminate\\Container\\BoundMethod::call()
#19 /var/www/html/petFriend-laravel/petFriend-laravel/vendor/laravel/framework/src/Illuminate/Foundation/Support/Providers/RouteServiceProvider.php(120): Illuminate\\Container\\Container->call()
#20 /var/www/html/petFriend-laravel/petFriend-laravel/vendor/laravel/framework/src/Illuminate/Foundation/Support/Providers/RouteServiceProvider.php(45): Illuminate\\Foundation\\Support\\Providers\\RouteServiceProvider->loadRoutes()
#21 /var/www/html/petFriend-laravel/petFriend-laravel/vendor/laravel/framework/src/Illuminate/Container/BoundMethod.php(36): Illuminate\\Foundation\\Support\\Providers\\RouteServiceProvider->Illuminate\\Foundation\\Support\\Providers\\{closure}()
#22 /var/www/html/petFriend-laravel/petFriend-laravel/vendor/laravel/framework/src/Illuminate/Container/Util.php(40): Illuminate\\Container\\BoundMethod::Illuminate\\Container\\{closure}()
#23 /var/www/html/petFriend-laravel/petFriend-laravel/vendor/laravel/framework/src/Illuminate/Container/BoundMethod.php(81): Illuminate\\Container\\Util::unwrapIfClosure()
#24 /var/www/html/petFriend-laravel/petFriend-laravel/vendor/laravel/framework/src/Illuminate/Container/BoundMethod.php(37): Illuminate\\Container\\BoundMethod::callBoundMethod()
#25 /var/www/html/petFriend-laravel/petFriend-laravel/vendor/laravel/framework/src/Illuminate/Container/Container.php(614): Illuminate\\Container\\BoundMethod::call()
#26 /var/www/html/petFriend-laravel/petFriend-laravel/vendor/laravel/framework/src/Illuminate/Support/ServiceProvider.php(113): Illuminate\\Container\\Container->call()
#27 /var/www/html/petFriend-laravel/petFriend-laravel/vendor/laravel/framework/src/Illuminate/Foundation/Application.php(917): Illuminate\\Support\\ServiceProvider->callBootedCallbacks()
#28 /var/www/html/petFriend-laravel/petFriend-laravel/vendor/laravel/framework/src/Illuminate/Foundation/Application.php(895): Illuminate\\Foundation\\Application->bootProvider()
#29 [internal function]: Illuminate\\Foundation\\Application->Illuminate\\Foundation\\{closure}()
#30 /var/www/html/petFriend-laravel/petFriend-laravel/vendor/laravel/framework/src/Illuminate/Foundation/Application.php(896): array_walk()
#31 /var/www/html/petFriend-laravel/petFriend-laravel/vendor/laravel/framework/src/Illuminate/Foundation/Bootstrap/BootProviders.php(17): Illuminate\\Foundation\\Application->boot()
#32 /var/www/html/petFriend-laravel/petFriend-laravel/vendor/laravel/framework/src/Illuminate/Foundation/Application.php(237): Illuminate\\Foundation\\Bootstrap\\BootProviders->bootstrap()
#33 /var/www/html/petFriend-laravel/petFriend-laravel/vendor/laravel/framework/src/Illuminate/Foundation/Http/Kernel.php(152): Illuminate\\Foundation\\Application->bootstrapWith()
#34 /var/www/html/petFriend-laravel/petFriend-laravel/vendor/laravel/framework/src/Illuminate/Foundation/Http/Kernel.php(136): Illuminate\\Foundation\\Http\\Kernel->bootstrap()
#35 /var/www/html/petFriend-laravel/petFriend-laravel/vendor/laravel/framework/src/Illuminate/Foundation/Http/Kernel.php(110): Illuminate\\Foundation\\Http\\Kernel->sendRequestThroughRouter()
#36 /var/www/html/petFriend-laravel/petFriend-laravel/public/index.php(52): Illuminate\\Foundation\\Http\\Kernel->handle()
#37 /var/www/html/petFriend-laravel/petFriend-laravel/server.php(21): require_once('/var/www/html/p...')
#38 {main}
"} 
[2021-06-12 11:55:34] local.ERROR: Invalid route action: [Http\Controllers\PetController]. {"exception":"[object] (UnexpectedValueException(code: 0): Invalid route action: [Http\\Controllers\\PetController]. at /var/www/html/petFriend-laravel/petFriend-laravel/vendor/laravel/framework/src/Illuminate/Routing/RouteAction.php:92)
[stacktrace]
#0 /var/www/html/petFriend-laravel/petFriend-laravel/vendor/laravel/framework/src/Illuminate/Routing/RouteAction.php(47): Illuminate\\Routing\\RouteAction::makeInvokable()
#1 /var/www/html/petFriend-laravel/petFriend-laravel/vendor/laravel/framework/src/Illuminate/Routing/Route.php(183): Illuminate\\Routing\\RouteAction::parse()
#2 /var/www/html/petFriend-laravel/petFriend-laravel/vendor/laravel/framework/src/Illuminate/Routing/Route.php(164): Illuminate\\Routing\\Route->parseAction()
#3 /var/www/html/petFriend-laravel/petFriend-laravel/vendor/laravel/framework/src/Illuminate/Routing/Router.php(557): Illuminate\\Routing\\Route->__construct()
#4 /var/www/html/petFriend-laravel/petFriend-laravel/vendor/laravel/framework/src/Illuminate/Routing/Router.php(476): Illuminate\\Routing\\Router->newRoute()
#5 /var/www/html/petFriend-laravel/petFriend-laravel/vendor/laravel/framework/src/Illuminate/Routing/Router.php(455): Illuminate\\Routing\\Router->createRoute()
#6 /var/www/html/petFriend-laravel/petFriend-laravel/vendor/laravel/framework/src/Illuminate/Routing/Router.php(147): Illuminate\\Routing\\Router->addRoute()
#7 /var/www/html/petFriend-laravel/petFriend-laravel/vendor/laravel/framework/src/Illuminate/Support/Facades/Facade.php(261): Illuminate\\Routing\\Router->get()
#8 /var/www/html/petFriend-laravel/petFriend-laravel/routes/web.php(17): Illuminate\\Support\\Facades\\Facade::__callStatic()
#9 /var/www/html/petFriend-laravel/petFriend-laravel/vendor/laravel/framework/src/Illuminate/Routing/RouteFileRegistrar.php(35): require('/var/www/html/p...')
#10 /var/www/html/petFriend-laravel/petFriend-laravel/vendor/laravel/framework/src/Illuminate/Routing/Router.php(425): Illuminate\\Routing\\RouteFileRegistrar->register()
#11 /var/www/html/petFriend-laravel/petFriend-laravel/vendor/laravel/framework/src/Illuminate/Routing/Router.php(382): Illuminate\\Routing\\Router->loadRoutes()
#12 /var/www/html/petFriend-laravel/petFriend-laravel/vendor/laravel/framework/src/Illuminate/Routing/RouteRegistrar.php(135): Illuminate\\Routing\\Router->group()
#13 /var/www/html/petFriend-laravel/petFriend-laravel/app/Providers/RouteServiceProvider.php(48): Illuminate\\Routing\\RouteRegistrar->group()
#14 /var/www/html/petFriend-laravel/petFriend-laravel/vendor/laravel/framework/src/Illuminate/Container/BoundMethod.php(36): App\\Providers\\RouteServiceProvider->App\\Providers\\{closure}()
#15 /var/www/html/petFriend-laravel/petFriend-laravel/vendor/laravel/framework/src/Illuminate/Container/Util.php(40): Illuminate\\Container\\BoundMethod::Illuminate\\Container\\{closure}()
#16 /var/www/html/petFriend-laravel/petFriend-laravel/vendor/laravel/framework/src/Illuminate/Container/BoundMethod.php(81): Illuminate\\Container\\Util::unwrapIfClosure()
#17 /var/www/html/petFriend-laravel/petFriend-laravel/vendor/laravel/framework/src/Illuminate/Container/BoundMethod.php(37): Illuminate\\Container\\BoundMethod::callBoundMethod()
#18 /var/www/html/petFriend-laravel/petFriend-laravel/vendor/laravel/framework/src/Illuminate/Container/Container.php(614): Illuminate\\Container\\BoundMethod::call()
#19 /var/www/html/petFriend-laravel/petFriend-laravel/vendor/laravel/framework/src/Illuminate/Foundation/Support/Providers/RouteServiceProvider.php(120): Illuminate\\Container\\Container->call()
#20 /var/www/html/petFriend-laravel/petFriend-laravel/vendor/laravel/framework/src/Illuminate/Foundation/Support/Providers/RouteServiceProvider.php(45): Illuminate\\Foundation\\Support\\Providers\\RouteServiceProvider->loadRoutes()
#21 /var/www/html/petFriend-laravel/petFriend-laravel/vendor/laravel/framework/src/Illuminate/Container/BoundMethod.php(36): Illuminate\\Foundation\\Support\\Providers\\RouteServiceProvider->Illuminate\\Foundation\\Support\\Providers\\{closure}()
#22 /var/www/html/petFriend-laravel/petFriend-laravel/vendor/laravel/framework/src/Illuminate/Container/Util.php(40): Illuminate\\Container\\BoundMethod::Illuminate\\Container\\{closure}()
#23 /var/www/html/petFriend-laravel/petFriend-laravel/vendor/laravel/framework/src/Illuminate/Container/BoundMethod.php(81): Illuminate\\Container\\Util::unwrapIfClosure()
#24 /var/www/html/petFriend-laravel/petFriend-laravel/vendor/laravel/framework/src/Illuminate/Container/BoundMethod.php(37): Illuminate\\Container\\BoundMethod::callBoundMethod()
#25 /var/www/html/petFriend-laravel/petFriend-laravel/vendor/laravel/framework/src/Illuminate/Container/Container.php(614): Illuminate\\Container\\BoundMethod::call()
#26 /var/www/html/petFriend-laravel/petFriend-laravel/vendor/laravel/framework/src/Illuminate/Support/ServiceProvider.php(113): Illuminate\\Container\\Container->call()
#27 /var/www/html/petFriend-laravel/petFriend-laravel/vendor/laravel/framework/src/Illuminate/Foundation/Application.php(917): Illuminate\\Support\\ServiceProvider->callBootedCallbacks()
#28 /var/www/html/petFriend-laravel/petFriend-laravel/vendor/laravel/framework/src/Illuminate/Foundation/Application.php(895): Illuminate\\Foundation\\Application->bootProvider()
#29 [internal function]: Illuminate\\Foundation\\Application->Illuminate\\Foundation\\{closure}()
#30 /var/www/html/petFriend-laravel/petFriend-laravel/vendor/laravel/framework/src/Illuminate/Foundation/Application.php(896): array_walk()
#31 /var/www/html/petFriend-laravel/petFriend-laravel/vendor/laravel/framework/src/Illuminate/Foundation/Bootstrap/BootProviders.php(17): Illuminate\\Foundation\\Application->boot()
#32 /var/www/html/petFriend-laravel/petFriend-laravel/vendor/laravel/framework/src/Illuminate/Foundation/Application.php(237): Illuminate\\Foundation\\Bootstrap\\BootProviders->bootstrap()
#33 /var/www/html/petFriend-laravel/petFriend-laravel/vendor/laravel/framework/src/Illuminate/Foundation/Http/Kernel.php(152): Illuminate\\Foundation\\Application->bootstrapWith()
#34 /var/www/html/petFriend-laravel/petFriend-laravel/vendor/laravel/framework/src/Illuminate/Foundation/Http/Kernel.php(136): Illuminate\\Foundation\\Http\\Kernel->bootstrap()
#35 /var/www/html/petFriend-laravel/petFriend-laravel/vendor/laravel/framework/src/Illuminate/Foundation/Http/Kernel.php(110): Illuminate\\Foundation\\Http\\Kernel->sendRequestThroughRouter()
#36 /var/www/html/petFriend-laravel/petFriend-laravel/public/index.php(52): Illuminate\\Foundation\\Http\\Kernel->handle()
#37 /var/www/html/petFriend-laravel/petFriend-laravel/server.php(21): require_once('/var/www/html/p...')
#38 {main}
"} 
[2021-06-12 11:56:18] local.ERROR: Invalid route action: [App\Http\Controllers\PetController]. {"exception":"[object] (UnexpectedValueException(code: 0): Invalid route action: [App\\Http\\Controllers\\PetController]. at /var/www/html/petFriend-laravel/petFriend-laravel/vendor/laravel/framework/src/Illuminate/Routing/RouteAction.php:92)
[stacktrace]
#0 /var/www/html/petFriend-laravel/petFriend-laravel/vendor/laravel/framework/src/Illuminate/Routing/RouteAction.php(47): Illuminate\\Routing\\RouteAction::makeInvokable()
#1 /var/www/html/petFriend-laravel/petFriend-laravel/vendor/laravel/framework/src/Illuminate/Routing/Route.php(183): Illuminate\\Routing\\RouteAction::parse()
#2 /var/www/html/petFriend-laravel/petFriend-laravel/vendor/laravel/framework/src/Illuminate/Routing/Route.php(164): Illuminate\\Routing\\Route->parseAction()
#3 /var/www/html/petFriend-laravel/petFriend-laravel/vendor/laravel/framework/src/Illuminate/Routing/Router.php(557): Illuminate\\Routing\\Route->__construct()
#4 /var/www/html/petFriend-laravel/petFriend-laravel/vendor/laravel/framework/src/Illuminate/Routing/Router.php(476): Illuminate\\Routing\\Router->newRoute()
#5 /var/www/html/petFriend-laravel/petFriend-laravel/vendor/laravel/framework/src/Illuminate/Routing/Router.php(455): Illuminate\\Routing\\Router->createRoute()
#6 /var/www/html/petFriend-laravel/petFriend-laravel/vendor/laravel/framework/src/Illuminate/Routing/Router.php(147): Illuminate\\Routing\\Router->addRoute()
#7 /var/www/html/petFriend-laravel/petFriend-laravel/vendor/laravel/framework/src/Illuminate/Support/Facades/Facade.php(261): Illuminate\\Routing\\Router->get()
#8 /var/www/html/petFriend-laravel/petFriend-laravel/routes/web.php(17): Illuminate\\Support\\Facades\\Facade::__callStatic()
#9 /var/www/html/petFriend-laravel/petFriend-laravel/vendor/laravel/framework/src/Illuminate/Routing/RouteFileRegistrar.php(35): require('/var/www/html/p...')
#10 /var/www/html/petFriend-laravel/petFriend-laravel/vendor/laravel/framework/src/Illuminate/Routing/Router.php(425): Illuminate\\Routing\\RouteFileRegistrar->register()
#11 /var/www/html/petFriend-laravel/petFriend-laravel/vendor/laravel/framework/src/Illuminate/Routing/Router.php(382): Illuminate\\Routing\\Router->loadRoutes()
#12 /var/www/html/petFriend-laravel/petFriend-laravel/vendor/laravel/framework/src/Illuminate/Routing/RouteRegistrar.php(135): Illuminate\\Routing\\Router->group()
#13 /var/www/html/petFriend-laravel/petFriend-laravel/app/Providers/RouteServiceProvider.php(48): Illuminate\\Routing\\RouteRegistrar->group()
#14 /var/www/html/petFriend-laravel/petFriend-laravel/vendor/laravel/framework/src/Illuminate/Container/BoundMethod.php(36): App\\Providers\\RouteServiceProvider->App\\Providers\\{closure}()
#15 /var/www/html/petFriend-laravel/petFriend-laravel/vendor/laravel/framework/src/Illuminate/Container/Util.php(40): Illuminate\\Container\\BoundMethod::Illuminate\\Container\\{closure}()
#16 /var/www/html/petFriend-laravel/petFriend-laravel/vendor/laravel/framework/src/Illuminate/Container/BoundMethod.php(81): Illuminate\\Container\\Util::unwrapIfClosure()
#17 /var/www/html/petFriend-laravel/petFriend-laravel/vendor/laravel/framework/src/Illuminate/Container/BoundMethod.php(37): Illuminate\\Container\\BoundMethod::callBoundMethod()
#18 /var/www/html/petFriend-laravel/petFriend-laravel/vendor/laravel/framework/src/Illuminate/Container/Container.php(614): Illuminate\\Container\\BoundMethod::call()
#19 /var/www/html/petFriend-laravel/petFriend-laravel/vendor/laravel/framework/src/Illuminate/Foundation/Support/Providers/RouteServiceProvider.php(120): Illuminate\\Container\\Container->call()
#20 /var/www/html/petFriend-laravel/petFriend-laravel/vendor/laravel/framework/src/Illuminate/Foundation/Support/Providers/RouteServiceProvider.php(45): Illuminate\\Foundation\\Support\\Providers\\RouteServiceProvider->loadRoutes()
#21 /var/www/html/petFriend-laravel/petFriend-laravel/vendor/laravel/framework/src/Illuminate/Container/BoundMethod.php(36): Illuminate\\Foundation\\Support\\Providers\\RouteServiceProvider->Illuminate\\Foundation\\Support\\Providers\\{closure}()
#22 /var/www/html/petFriend-laravel/petFriend-laravel/vendor/laravel/framework/src/Illuminate/Container/Util.php(40): Illuminate\\Container\\BoundMethod::Illuminate\\Container\\{closure}()
#23 /var/www/html/petFriend-laravel/petFriend-laravel/vendor/laravel/framework/src/Illuminate/Container/BoundMethod.php(81): Illuminate\\Container\\Util::unwrapIfClosure()
#24 /var/www/html/petFriend-laravel/petFriend-laravel/vendor/laravel/framework/src/Illuminate/Container/BoundMethod.php(37): Illuminate\\Container\\BoundMethod::callBoundMethod()
#25 /var/www/html/petFriend-laravel/petFriend-laravel/vendor/laravel/framework/src/Illuminate/Container/Container.php(614): Illuminate\\Container\\BoundMethod::call()
#26 /var/www/html/petFriend-laravel/petFriend-laravel/vendor/laravel/framework/src/Illuminate/Support/ServiceProvider.php(113): Illuminate\\Container\\Container->call()
#27 /var/www/html/petFriend-laravel/petFriend-laravel/vendor/laravel/framework/src/Illuminate/Foundation/Application.php(917): Illuminate\\Support\\ServiceProvider->callBootedCallbacks()
#28 /var/www/html/petFriend-laravel/petFriend-laravel/vendor/laravel/framework/src/Illuminate/Foundation/Application.php(895): Illuminate\\Foundation\\Application->bootProvider()
#29 [internal function]: Illuminate\\Foundation\\Application->Illuminate\\Foundation\\{closure}()
#30 /var/www/html/petFriend-laravel/petFriend-laravel/vendor/laravel/framework/src/Illuminate/Foundation/Application.php(896): array_walk()
#31 /var/www/html/petFriend-laravel/petFriend-laravel/vendor/laravel/framework/src/Illuminate/Foundation/Bootstrap/BootProviders.php(17): Illuminate\\Foundation\\Application->boot()
#32 /var/www/html/petFriend-laravel/petFriend-laravel/vendor/laravel/framework/src/Illuminate/Foundation/Application.php(237): Illuminate\\Foundation\\Bootstrap\\BootProviders->bootstrap()
#33 /var/www/html/petFriend-laravel/petFriend-laravel/vendor/laravel/framework/src/Illuminate/Foundation/Http/Kernel.php(152): Illuminate\\Foundation\\Application->bootstrapWith()
#34 /var/www/html/petFriend-laravel/petFriend-laravel/vendor/laravel/framework/src/Illuminate/Foundation/Http/Kernel.php(136): Illuminate\\Foundation\\Http\\Kernel->bootstrap()
#35 /var/www/html/petFriend-laravel/petFriend-laravel/vendor/laravel/framework/src/Illuminate/Foundation/Http/Kernel.php(110): Illuminate\\Foundation\\Http\\Kernel->sendRequestThroughRouter()
#36 /var/www/html/petFriend-laravel/petFriend-laravel/public/index.php(52): Illuminate\\Foundation\\Http\\Kernel->handle()
#37 /var/www/html/petFriend-laravel/petFriend-laravel/server.php(21): require_once('/var/www/html/p...')
#38 {main}
"} 
[2021-06-12 11:56:20] local.ERROR: Invalid route action: [App\Http\Controllers\PetController]. {"exception":"[object] (UnexpectedValueException(code: 0): Invalid route action: [App\\Http\\Controllers\\PetController]. at /var/www/html/petFriend-laravel/petFriend-laravel/vendor/laravel/framework/src/Illuminate/Routing/RouteAction.php:92)
[stacktrace]
#0 /var/www/html/petFriend-laravel/petFriend-laravel/vendor/laravel/framework/src/Illuminate/Routing/RouteAction.php(47): Illuminate\\Routing\\RouteAction::makeInvokable()
#1 /var/www/html/petFriend-laravel/petFriend-laravel/vendor/laravel/framework/src/Illuminate/Routing/Route.php(183): Illuminate\\Routing\\RouteAction::parse()
#2 /var/www/html/petFriend-laravel/petFriend-laravel/vendor/laravel/framework/src/Illuminate/Routing/Route.php(164): Illuminate\\Routing\\Route->parseAction()
#3 /var/www/html/petFriend-laravel/petFriend-laravel/vendor/laravel/framework/src/Illuminate/Routing/Router.php(557): Illuminate\\Routing\\Route->__construct()
#4 /var/www/html/petFriend-laravel/petFriend-laravel/vendor/laravel/framework/src/Illuminate/Routing/Router.php(476): Illuminate\\Routing\\Router->newRoute()
#5 /var/www/html/petFriend-laravel/petFriend-laravel/vendor/laravel/framework/src/Illuminate/Routing/Router.php(455): Illuminate\\Routing\\Router->createRoute()
#6 /var/www/html/petFriend-laravel/petFriend-laravel/vendor/laravel/framework/src/Illuminate/Routing/Router.php(147): Illuminate\\Routing\\Router->addRoute()
#7 /var/www/html/petFriend-laravel/petFriend-laravel/vendor/laravel/framework/src/Illuminate/Support/Facades/Facade.php(261): Illuminate\\Routing\\Router->get()
#8 /var/www/html/petFriend-laravel/petFriend-laravel/routes/web.php(17): Illuminate\\Support\\Facades\\Facade::__callStatic()
#9 /var/www/html/petFriend-laravel/petFriend-laravel/vendor/laravel/framework/src/Illuminate/Routing/RouteFileRegistrar.php(35): require('/var/www/html/p...')
#10 /var/www/html/petFriend-laravel/petFriend-laravel/vendor/laravel/framework/src/Illuminate/Routing/Router.php(425): Illuminate\\Routing\\RouteFileRegistrar->register()
#11 /var/www/html/petFriend-laravel/petFriend-laravel/vendor/laravel/framework/src/Illuminate/Routing/Router.php(382): Illuminate\\Routing\\Router->loadRoutes()
#12 /var/www/html/petFriend-laravel/petFriend-laravel/vendor/laravel/framework/src/Illuminate/Routing/RouteRegistrar.php(135): Illuminate\\Routing\\Router->group()
#13 /var/www/html/petFriend-laravel/petFriend-laravel/app/Providers/RouteServiceProvider.php(48): Illuminate\\Routing\\RouteRegistrar->group()
#14 /var/www/html/petFriend-laravel/petFriend-laravel/vendor/laravel/framework/src/Illuminate/Container/BoundMethod.php(36): App\\Providers\\RouteServiceProvider->App\\Providers\\{closure}()
#15 /var/www/html/petFriend-laravel/petFriend-laravel/vendor/laravel/framework/src/Illuminate/Container/Util.php(40): Illuminate\\Container\\BoundMethod::Illuminate\\Container\\{closure}()
#16 /var/www/html/petFriend-laravel/petFriend-laravel/vendor/laravel/framework/src/Illuminate/Container/BoundMethod.php(81): Illuminate\\Container\\Util::unwrapIfClosure()
#17 /var/www/html/petFriend-laravel/petFriend-laravel/vendor/laravel/framework/src/Illuminate/Container/BoundMethod.php(37): Illuminate\\Container\\BoundMethod::callBoundMethod()
#18 /var/www/html/petFriend-laravel/petFriend-laravel/vendor/laravel/framework/src/Illuminate/Container/Container.php(614): Illuminate\\Container\\BoundMethod::call()
#19 /var/www/html/petFriend-laravel/petFriend-laravel/vendor/laravel/framework/src/Illuminate/Foundation/Support/Providers/RouteServiceProvider.php(120): Illuminate\\Container\\Container->call()
#20 /var/www/html/petFriend-laravel/petFriend-laravel/vendor/laravel/framework/src/Illuminate/Foundation/Support/Providers/RouteServiceProvider.php(45): Illuminate\\Foundation\\Support\\Providers\\RouteServiceProvider->loadRoutes()
#21 /var/www/html/petFriend-laravel/petFriend-laravel/vendor/laravel/framework/src/Illuminate/Container/BoundMethod.php(36): Illuminate\\Foundation\\Support\\Providers\\RouteServiceProvider->Illuminate\\Foundation\\Support\\Providers\\{closure}()
#22 /var/www/html/petFriend-laravel/petFriend-laravel/vendor/laravel/framework/src/Illuminate/Container/Util.php(40): Illuminate\\Container\\BoundMethod::Illuminate\\Container\\{closure}()
#23 /var/www/html/petFriend-laravel/petFriend-laravel/vendor/laravel/framework/src/Illuminate/Container/BoundMethod.php(81): Illuminate\\Container\\Util::unwrapIfClosure()
#24 /var/www/html/petFriend-laravel/petFriend-laravel/vendor/laravel/framework/src/Illuminate/Container/BoundMethod.php(37): Illuminate\\Container\\BoundMethod::callBoundMethod()
#25 /var/www/html/petFriend-laravel/petFriend-laravel/vendor/laravel/framework/src/Illuminate/Container/Container.php(614): Illuminate\\Container\\BoundMethod::call()
#26 /var/www/html/petFriend-laravel/petFriend-laravel/vendor/laravel/framework/src/Illuminate/Support/ServiceProvider.php(113): Illuminate\\Container\\Container->call()
#27 /var/www/html/petFriend-laravel/petFriend-laravel/vendor/laravel/framework/src/Illuminate/Foundation/Application.php(917): Illuminate\\Support\\ServiceProvider->callBootedCallbacks()
#28 /var/www/html/petFriend-laravel/petFriend-laravel/vendor/laravel/framework/src/Illuminate/Foundation/Application.php(895): Illuminate\\Foundation\\Application->bootProvider()
#29 [internal function]: Illuminate\\Foundation\\Application->Illuminate\\Foundation\\{closure}()
#30 /var/www/html/petFriend-laravel/petFriend-laravel/vendor/laravel/framework/src/Illuminate/Foundation/Application.php(896): array_walk()
#31 /var/www/html/petFriend-laravel/petFriend-laravel/vendor/laravel/framework/src/Illuminate/Foundation/Bootstrap/BootProviders.php(17): Illuminate\\Foundation\\Application->boot()
#32 /var/www/html/petFriend-laravel/petFriend-laravel/vendor/laravel/framework/src/Illuminate/Foundation/Application.php(237): Illuminate\\Foundation\\Bootstrap\\BootProviders->bootstrap()
#33 /var/www/html/petFriend-laravel/petFriend-laravel/vendor/laravel/framework/src/Illuminate/Foundation/Http/Kernel.php(152): Illuminate\\Foundation\\Application->bootstrapWith()
#34 /var/www/html/petFriend-laravel/petFriend-laravel/vendor/laravel/framework/src/Illuminate/Foundation/Http/Kernel.php(136): Illuminate\\Foundation\\Http\\Kernel->bootstrap()
#35 /var/www/html/petFriend-laravel/petFriend-laravel/vendor/laravel/framework/src/Illuminate/Foundation/Http/Kernel.php(110): Illuminate\\Foundation\\Http\\Kernel->sendRequestThroughRouter()
#36 /var/www/html/petFriend-laravel/petFriend-laravel/public/index.php(52): Illuminate\\Foundation\\Http\\Kernel->handle()
#37 /var/www/html/petFriend-laravel/petFriend-laravel/server.php(21): require_once('/var/www/html/p...')
#38 {main}
"} 
